[  2%] Built target firstservicepkg__cpp
[ 11%] Built target firstservicepkg__rosidl_generator_c
[ 14%] [32mBuilding CXX object CMakeFiles/turn_camera_Client.dir/src/turn_camera_Client.cpp.o[0m
[ 14%] Built target ament_cmake_python_copy_firstservicepkg
[ 17%] [32mBuilding CXX object CMakeFiles/turn_camera_Server.dir/src/turn_camera_Server.cpp.o[0m
[ 25%] Built target firstservicepkg__rosidl_typesupport_cpp
[ 34%] Built target firstservicepkg__rosidl_typesupport_fastrtps_c
[ 42%] Built target firstservicepkg__rosidl_typesupport_fastrtps_cpp
[ 51%] Built target firstservicepkg__rosidl_typesupport_introspection_c
[ 60%] Built target firstservicepkg__rosidl_typesupport_c
[ 68%] Built target firstservicepkg__rosidl_typesupport_introspection_cpp
[ 68%] Built target firstservicepkg
[ 71%] Built target firstservicepkg__py
[ 77%] Built target firstservicepkg__rosidl_generator_py
[35m[1mConsolidate compiler generated dependencies of target firstservicepkg__rosidl_typesupport_fastrtps_c__pyext[0m
[ 82%] Built target firstservicepkg__rosidl_typesupport_fastrtps_c__pyext
[35m[1mConsolidate compiler generated dependencies of target firstservicepkg__rosidl_typesupport_introspection_c__pyext[0m
[01m[K/home/robot/ros_workspaces/project2/firstservicepkg/src/turn_camera_Client.cpp:3:10:[m[K [01;31m[Kfatal error: [m[Ksensor_msgs/image_encodings.h: No such file or directory
    3 | #include [01;31m[K<sensor_msgs/image_encodings.h>[m[K
      |          [01;31m[K^~~~~~~~~~~~~~~~~~~~~~~~~~~~~~~[m[K
compilation terminated.
gmake[2]: *** [CMakeFiles/turn_camera_Client.dir/build.make:76: CMakeFiles/turn_camera_Client.dir/src/turn_camera_Client.cpp.o] Error 1
gmake[1]: *** [CMakeFiles/Makefile2:594: CMakeFiles/turn_camera_Client.dir/all] Error 2
gmake[1]: *** Waiting for unfinished jobs....
[ 88%] Built target firstservicepkg__rosidl_typesupport_introspection_c__pyext
running egg_info
writing firstservicepkg.egg-info/PKG-INFO
writing dependency_links to firstservicepkg.egg-info/dependency_links.txt
writing top-level names to firstservicepkg.egg-info/top_level.txt
reading manifest file 'firstservicepkg.egg-info/SOURCES.txt'
writing manifest file 'firstservicepkg.egg-info/SOURCES.txt'
[ 88%] Built target ament_cmake_python_build_firstservicepkg_egg
[01m[K/home/robot/ros_workspaces/project2/firstservicepkg/src/turn_camera_Server.cpp:18:18:[m[K [01;31m[Kerror: [m[Kâ€˜[01m[KImage[m[Kâ€™ in namespace â€˜[01m[Ksensor_msgs[m[Kâ€™ does not name a type
   18 |     sensor_msgs::[01;31m[KImage[m[K camera_image;
      |                  [01;31m[K^~~~~[m[K
[01m[K/home/robot/ros_workspaces/project2/firstservicepkg/src/turn_camera_Server.cpp:[m[K In function â€˜[01m[Kbool getCameraImage(const TurnCameraRequest&, TurnCameraResponse&)[m[Kâ€™:
[01m[K/home/robot/ros_workspaces/project2/firstservicepkg/src/turn_camera_Server.cpp:47:18:[m[K [01;31m[Kerror: [m[Kâ€˜[01m[KImagePtr[m[Kâ€™ is not a member of â€˜[01m[Ksensor_msgs[m[Kâ€™
   47 |     sensor_msgs::[01;31m[KImagePtr[m[K img_ptr = cv_bridge::CvImage(std_msgs::Header(), "bgr8", image).toImageMsg();
      |                  [01;31m[K^~~~~~~~[m[K
[01m[K/home/robot/ros_workspaces/project2/firstservicepkg/src/turn_camera_Server.cpp:49:9:[m[K [01;31m[Kerror: [m[Kâ€˜[01m[Kstruct TurnCameraResponse[m[Kâ€™ has no member named â€˜[01m[Kcamera_image[m[Kâ€™
   49 |     res.[01;31m[Kcamera_image[m[K = *img_ptr;
      |         [01;31m[K^~~~~~~~~~~~[m[K
[01m[K/home/robot/ros_workspaces/project2/firstservicepkg/src/turn_camera_Server.cpp:49:25:[m[K [01;31m[Kerror: [m[Kâ€˜[01m[Kimg_ptr[m[Kâ€™ was not declared in this scope
   49 |     res.camera_image = *[01;31m[Kimg_ptr[m[K;
      |                         [01;31m[K^~~~~~~[m[K
[01m[K/home/robot/ros_workspaces/project2/firstservicepkg/src/turn_camera_Server.cpp:[m[K In function â€˜[01m[Kint main(int, char**)[m[Kâ€™:
[01m[K/home/robot/ros_workspaces/project2/firstservicepkg/src/turn_camera_Server.cpp:54:14:[m[K [01;35m[Kwarning: [m[Kunused parameter â€˜[01m[Kargc[m[Kâ€™ [[01;35m[K]8;;https://gcc.gnu.org/onlinedocs/gcc/Warning-Options.html#index-Wunused-parameter-Wunused-parameter]8;;[m[K]
   54 | int main([01;35m[Kint argc[m[K, char **argv)
      |          [01;35m[K~~~~^~~~[m[K
gmake[2]: *** [CMakeFiles/turn_camera_Server.dir/build.make:76: CMakeFiles/turn_camera_Server.dir/src/turn_camera_Server.cpp.o] Error 1
gmake[1]: *** [CMakeFiles/Makefile2:620: CMakeFiles/turn_camera_Server.dir/all] Error 2
gmake: *** [Makefile:146: all] Error 2
