[01m[K/home/robot/ros_workspaces/project2/firstservicepkg/src/action_client.cpp:7:9:[m[K [01;31m[Kerror: [m[Kâ€˜[01m[Kudemy_ros2_pkg[m[Kâ€™ does not name a type
    7 | typedef [01;31m[Kudemy_ros2_pkg[m[K::action::Navigate NavigateAction;
      |         [01;31m[K^~~~~~~~~~~~~~[m[K
[01m[K/home/robot/ros_workspaces/project2/firstservicepkg/src/action_client.cpp:8:41:[m[K [01;31m[Kerror: [m[Kâ€˜[01m[KNavigateAction[m[Kâ€™ was not declared in this scope
    8 | typedef rclcpp_action::ClientGoalHandle<[01;31m[KNavigateAction[m[K> GoalHandle;
      |                                         [01;31m[K^~~~~~~~~~~~~~[m[K
[01m[K/home/robot/ros_workspaces/project2/firstservicepkg/src/action_client.cpp:8:55:[m[K [01;31m[Kerror: [m[Ktemplate argument 1 is invalid
    8 | typedef rclcpp_action::ClientGoalHandle<NavigateAction[01;31m[K>[m[K GoalHandle;
      |                                                       [01;31m[K^[m[K
[01m[K/home/robot/ros_workspaces/project2/firstservicepkg/src/action_client.cpp:32:25:[m[K [01;31m[Kerror: [m[Kâ€˜[01m[KNavigateAction[m[Kâ€™ was not declared in this scope
   32 |   rclcpp_action::Client<[01;31m[KNavigateAction[m[K>::SharedPtr action_client_;
      |                         [01;31m[K^~~~~~~~~~~~~~[m[K
[01m[K/home/robot/ros_workspaces/project2/firstservicepkg/src/action_client.cpp:32:39:[m[K [01;31m[Kerror: [m[Ktemplate argument 1 is invalid
   32 |   rclcpp_action::Client<NavigateAction[01;31m[K>[m[K::SharedPtr action_client_;
      |                                       [01;31m[K^[m[K
[01m[K/home/robot/ros_workspaces/project2/firstservicepkg/src/action_client.cpp:32:42:[m[K [01;31m[Kerror: [m[Kexpected â€˜[01m[K;[m[Kâ€™ at end of member declaration
   32 |   rclcpp_action::Client<NavigateAction>::[01;31m[KSharedPtr[m[K action_client_;
      |                                          [01;31m[K^~~~~~~~~[m[K
      |                                                   [32m[K;[m[K
[01m[K/home/robot/ros_workspaces/project2/firstservicepkg/src/action_client.cpp:32:52:[m[K [01;31m[Kerror: [m[Kâ€˜[01m[Kaction_client_[m[Kâ€™ does not name a type; did you mean â€˜[01m[Krcl_action_client_t[m[Kâ€™?
   32 |   rclcpp_action::Client<NavigateAction>::SharedPtr [01;31m[Kaction_client_[m[K;
      |                                                    [01;31m[K^~~~~~~~~~~~~~[m[K
      |                                                    [32m[Krcl_action_client_t[m[K
[01m[K/home/robot/ros_workspaces/project2/firstservicepkg/src/action_client.cpp:75:31:[m[K [01;31m[Kerror: [m[Kâ€˜[01m[KGoalHandle[m[Kâ€™ is not a class, namespace, or enumeration
   75 |   void goal_response_callback([01;31m[KGoalHandle[m[K::SharedPtr future)
      |                               [01;31m[K^~~~~~~~~~[m[K
[01m[K/home/robot/ros_workspaces/project2/firstservicepkg/src/action_client.cpp:75:53:[m[K [01;31m[Kerror: [m[Kexpected â€˜[01m[K,[m[Kâ€™ or â€˜[01m[K...[m[Kâ€™ before â€˜[01m[Kfuture[m[Kâ€™
   75 |   void goal_response_callback(GoalHandle::SharedPtr [01;31m[Kfuture[m[K)
      |                                                     [01;31m[K^~~~~~[m[K
[01m[K/home/robot/ros_workspaces/project2/firstservicepkg/src/action_client.cpp:88:5:[m[K [01;31m[Kerror: [m[Kâ€˜[01m[KGoalHandle[m[Kâ€™ is not a class, namespace, or enumeration
   88 |     [01;31m[KGoalHandle[m[K::SharedPtr future,
      |     [01;31m[K^~~~~~~~~~[m[K
[01m[K/home/robot/ros_workspaces/project2/firstservicepkg/src/action_client.cpp:88:27:[m[K [01;31m[Kerror: [m[Kexpected â€˜[01m[K,[m[Kâ€™ or â€˜[01m[K...[m[Kâ€™ before â€˜[01m[Kfuture[m[Kâ€™
   88 |     GoalHandle::SharedPtr [01;31m[Kfuture[m[K,
      |                           [01;31m[K^~~~~~[m[K
[01m[K/home/robot/ros_workspaces/project2/firstservicepkg/src/action_client.cpp:95:56:[m[K [01;31m[Kerror: [m[Kexpected unqualified-id before â€˜[01m[K&[m[Kâ€™ token
   95 |   void result_callback(const GoalHandle::WrappedResult [01;31m[K&[m[K result)
      |                                                        [01;31m[K^[m[K
[01m[K/home/robot/ros_workspaces/project2/firstservicepkg/src/action_client.cpp:95:55:[m[K [01;31m[Kerror: [m[Kexpected â€˜[01m[K)[m[Kâ€™ before â€˜[01m[K&[m[Kâ€™ token
   95 |   void result_callback[34m[K([m[Kconst GoalHandle::WrappedResult[01;31m[K [m[K[32m[K&[m[K result)
      |                       [34m[K~[m[K                               [01;31m[K^[m[K[32m[K~[m[K
      |                                                       [32m[K)[m[K
[01m[K/home/robot/ros_workspaces/project2/firstservicepkg/src/action_client.cpp:95:56:[m[K [01;31m[Kerror: [m[Kexpected â€˜[01m[K;[m[Kâ€™ at end of member declaration
   95 |   void result_callback(const GoalHandle::WrappedResult [01;31m[K&[m[K result)
      |                                                        [01;31m[K^[m[K
      |                                                         [32m[K;[m[K
[01m[K/home/robot/ros_workspaces/project2/firstservicepkg/src/action_client.cpp:95:58:[m[K [01;31m[Kerror: [m[Kâ€˜[01m[Kresult[m[Kâ€™ does not name a type
   95 |   void result_callback(const GoalHandle::WrappedResult & [01;31m[Kresult[m[K)
      |                                                          [01;31m[K^~~~~~[m[K
[01m[K/home/robot/ros_workspaces/project2/firstservicepkg/src/action_client.cpp:[m[K In constructor â€˜[01m[KNavigateActionClientNode::NavigateActionClientNode()[m[Kâ€™:
[01m[K/home/robot/ros_workspaces/project2/firstservicepkg/src/action_client.cpp:17:5:[m[K [01;31m[Kerror: [m[Kâ€˜[01m[Kaction_client_[m[Kâ€™ was not declared in this scope; did you mean â€˜[01m[Krcl_action_client_t[m[Kâ€™?
   17 |     [01;31m[Kaction_client_[m[K = rclcpp_action::create_client<NavigateAction>(
      |     [01;31m[K^~~~~~~~~~~~~~[m[K
      |     [32m[Krcl_action_client_t[m[K
[01m[K/home/robot/ros_workspaces/project2/firstservicepkg/src/action_client.cpp:17:51:[m[K [01;31m[Kerror: [m[Kâ€˜[01m[KNavigateAction[m[Kâ€™ was not declared in this scope
   17 |     action_client_ = rclcpp_action::create_client<[01;31m[KNavigateAction[m[K>(
      |                                                   [01;31m[K^~~~~~~~~~~~~~[m[K
[01m[K/home/robot/ros_workspaces/project2/firstservicepkg/src/action_client.cpp:17:66:[m[K [01;31m[Kerror: [m[Kno matching function for call to â€˜[01m[Kcreate_client<<expression error> >(NavigateActionClientNode*, const char [9])[m[Kâ€™
   17 |     action_client_ = [01;31m[Krclcpp_action::create_client<NavigateAction>([m[K
      |                      [01;31m[K~~~~~~~~~~~~~~~~~~~~~~~~~~~~~~~~~~~~~~~~~~~~^[m[K
   18 | [01;31m[K      this,[m[K
      |       [01;31m[K~~~~~[m[K                                                       
   19 | [01;31m[K      "navigate")[m[K;
      |       [01;31m[K~~~~~~~~~~~[m[K                                                 
In file included from [01m[K/opt/ros/humble/include/rclcpp_action/rclcpp_action/rclcpp_action.hpp:38[m[K,
                 from [01m[K/home/robot/ros_workspaces/project2/firstservicepkg/src/action_client.cpp:2[m[K:
[01m[K/opt/ros/humble/include/rclcpp_action/rclcpp_action/create_client.hpp:44:1:[m[K [01;36m[Knote: [m[Kcandidate: â€˜[01m[Ktemplate<class ActionT> typename rclcpp_action::Client<ActionT>::SharedPtr rclcpp_action::create_client(rclcpp::node_interfaces::NodeBaseInterface::SharedPtr, rclcpp::node_interfaces::NodeGraphInterface::SharedPtr, rclcpp::node_interfaces::NodeLoggingInterface::SharedPtr, rclcpp::node_interfaces::NodeWaitablesInterface::SharedPtr, const string&, rclcpp::CallbackGroup::SharedPtr, const rcl_action_client_options_t&)[m[Kâ€™
   44 | [01;36m[Kcreate_client[m[K(
      | [01;36m[K^~~~~~~~~~~~~[m[K
[01m[K/opt/ros/humble/include/rclcpp_action/rclcpp_action/create_client.hpp:44:1:[m[K [01;36m[Knote: [m[K  template argument deduction/substitution failed:
[01m[K/home/robot/ros_workspaces/project2/firstservicepkg/src/action_client.cpp:17:66:[m[K [01;31m[Kerror: [m[Ktemplate argument 1 is invalid
   17 |     action_client_ = [01;31m[Krclcpp_action::create_client<NavigateAction>([m[K
      |                      [01;31m[K~~~~~~~~~~~~~~~~~~~~~~~~~~~~~~~~~~~~~~~~~~~~^[m[K
   18 | [01;31m[K      this,[m[K
      |       [01;31m[K~~~~~[m[K                                                       
   19 | [01;31m[K      "navigate")[m[K;
      |       [01;31m[K~~~~~~~~~~~[m[K                                                 
In file included from [01m[K/opt/ros/humble/include/rclcpp_action/rclcpp_action/rclcpp_action.hpp:38[m[K,
                 from [01m[K/home/robot/ros_workspaces/project2/firstservicepkg/src/action_client.cpp:2[m[K:
[01m[K/opt/ros/humble/include/rclcpp_action/rclcpp_action/create_client.hpp:105:1:[m[K [01;36m[Knote: [m[Kcandidate: â€˜[01m[Ktemplate<class ActionT, class NodeT> typename rclcpp_action::Client<ActionT>::SharedPtr rclcpp_action::create_client(NodeT, const string&, rclcpp::CallbackGroup::SharedPtr, const rcl_action_client_options_t&)[m[Kâ€™
  105 | [01;36m[Kcreate_client[m[K(
      | [01;36m[K^~~~~~~~~~~~~[m[K
[01m[K/opt/ros/humble/include/rclcpp_action/rclcpp_action/create_client.hpp:105:1:[m[K [01;36m[Knote: [m[K  template argument deduction/substitution failed:
[01m[K/home/robot/ros_workspaces/project2/firstservicepkg/src/action_client.cpp:17:66:[m[K [01;31m[Kerror: [m[Ktemplate argument 1 is invalid
   17 |     action_client_ = [01;31m[Krclcpp_action::create_client<NavigateAction>([m[K
      |                      [01;31m[K~~~~~~~~~~~~~~~~~~~~~~~~~~~~~~~~~~~~~~~~~~~~^[m[K
   18 | [01;31m[K      this,[m[K
      |       [01;31m[K~~~~~[m[K                                                       
   19 | [01;31m[K      "navigate")[m[K;
      |       [01;31m[K~~~~~~~~~~~[m[K                                                 
[01m[K/home/robot/ros_workspaces/project2/firstservicepkg/src/action_client.cpp:[m[K In member function â€˜[01m[Kvoid NavigateActionClientNode::prompt_user_for_goal()[m[Kâ€™:
[01m[K/home/robot/ros_workspaces/project2/firstservicepkg/src/action_client.cpp:46:21:[m[K [01;31m[Kerror: [m[Kâ€˜[01m[KNavigateAction[m[Kâ€™ has not been declared
   46 |     auto goal_msg = [01;31m[KNavigateAction[m[K::Goal();
      |                     [01;31m[K^~~~~~~~~~~~~~[m[K
[01m[K/home/robot/ros_workspaces/project2/firstservicepkg/src/action_client.cpp:58:11:[m[K [01;31m[Kerror: [m[Kâ€˜[01m[Kclass NavigateActionClientNode[m[Kâ€™ has no member named â€˜[01m[Kaction_client_[m[Kâ€™
   58 |     this->[01;31m[Kaction_client_[m[K->wait_for_action_server();
      |           [01;31m[K^~~~~~~~~~~~~~[m[K
[01m[K/home/robot/ros_workspaces/project2/firstservicepkg/src/action_client.cpp:63:52:[m[K [01;31m[Kerror: [m[Kâ€˜[01m[KNavigateAction[m[Kâ€™ was not declared in this scope
   63 |     auto send_goal_options = rclcpp_action::Client<[01;31m[KNavigateAction[m[K>::SendGoalOptions();
      |                                                    [01;31m[K^~~~~~~~~~~~~~[m[K
[01m[K/home/robot/ros_workspaces/project2/firstservicepkg/src/action_client.cpp:63:66:[m[K [01;31m[Kerror: [m[Ktemplate argument 1 is invalid
   63 |     auto send_goal_options = rclcpp_action::Client<NavigateAction[01;31m[K>[m[K::SendGoalOptions();
      |                                                                  [01;31m[K^[m[K
In file included from [01m[K/usr/include/c++/11/pstl/glue_algorithm_defs.h:13[m[K,
                 from [01m[K/usr/include/c++/11/algorithm:74[m[K,
                 from [01m[K/opt/ros/humble/include/rclcpp/rclcpp/executor.hpp:18[m[K,
                 from [01m[K/opt/ros/humble/include/rclcpp/rclcpp/executors/multi_threaded_executor.hpp:25[m[K,
                 from [01m[K/opt/ros/humble/include/rclcpp/rclcpp/executors.hpp:21[m[K,
                 from [01m[K/opt/ros/humble/include/rclcpp/rclcpp/rclcpp.hpp:155[m[K,
                 from [01m[K/home/robot/ros_workspaces/project2/firstservicepkg/src/action_client.cpp:1[m[K:
/usr/include/c++/11/functional: In instantiation of â€˜[01m[Kstruct std::_Bind_check_arity<void (NavigateActionClientNode::*)(int), NavigateActionClientNode*, const std::_Placeholder<1>&, const std::_Placeholder<2>&>[m[Kâ€™:
[01m[K/usr/include/c++/11/functional:768:12:[m[K   required from â€˜[01m[Kstruct std::_Bind_helper<false, void (NavigateActionClientNode::*)(int), NavigateActionClientNode*, const std::_Placeholder<1>&, const std::_Placeholder<2>&>[m[Kâ€™
[01m[K/usr/include/c++/11/functional:789:5:[m[K   required by substitution of â€˜[01m[Ktemplate<class _Func, class ... _BoundArgs> typename std::_Bind_helper<std::__is_socketlike<_Func>::value, _Func, _BoundArgs ...>::type std::bind(_Func&&, _BoundArgs&& ...) [with _Func = void (NavigateActionClientNode::*)(int); _BoundArgs = {NavigateActionClientNode*, const std::_Placeholder<1>&, const std::_Placeholder<2>&}][m[Kâ€™
[01m[K/home/robot/ros_workspaces/project2/firstservicepkg/src/action_client.cpp:68:16:[m[K   required from here
[01m[K/usr/include/c++/11/functional:756:21:[m[K [01;31m[Kerror: [m[Kstatic assertion failed: Wrong number of arguments for pointer-to-member
  755 |       static_assert(_Varargs::[01;31m[Kvalue[m[K
      |                               [01;31m[K~~~~~[m[K
  756 | [01;31m[K                    ? sizeof...(_BoundArgs) >= _Arity::value + 1[m[K
      |                     [01;31m[K^~~~~~~~~~~~~~~~~~~~~~~~~~~~~~~~~~~~~~~~~~~~[m[K
  757 | [01;31m[K                    : sizeof...(_BoundArgs) == _Arity::value + 1[m[K,
      |                     [01;31m[K~~~~~~~~~~~~~~~~~~~~~~~~~~~~~~~~~~~~~~~~~~~~[m[K
[01m[K/usr/include/c++/11/functional:756:21:[m[K [01;36m[Knote: [m[Kâ€˜[01m[K(false ? (3 >= (((long unsigned int)std::integral_constant<long unsigned int, 1>::value) + 1)) : (3 == (((long unsigned int)std::integral_constant<long unsigned int, 1>::value) + 1)))[m[Kâ€™ evaluates to false
[01m[K/home/robot/ros_workspaces/project2/firstservicepkg/src/action_client.cpp:72:11:[m[K [01;31m[Kerror: [m[Kâ€˜[01m[Kclass NavigateActionClientNode[m[Kâ€™ has no member named â€˜[01m[Kaction_client_[m[Kâ€™
   72 |     this->[01;31m[Kaction_client_[m[K->async_send_goal(goal_msg, send_goal_options);
      |           [01;31m[K^~~~~~~~~~~~~~[m[K
[01m[K/home/robot/ros_workspaces/project2/firstservicepkg/src/action_client.cpp:[m[K In member function â€˜[01m[Kvoid NavigateActionClientNode::goal_response_callback(int)[m[Kâ€™:
[01m[K/home/robot/ros_workspaces/project2/firstservicepkg/src/action_client.cpp:77:24:[m[K [01;31m[Kerror: [m[Kâ€˜[01m[Kfuture[m[Kâ€™ was not declared in this scope; did you mean â€˜[01m[Kstd::future[m[Kâ€™?
   77 |     auto goal_handle = [01;31m[Kfuture[m[K.get();
      |                        [01;31m[K^~~~~~[m[K
      |                        [32m[Kstd::future[m[K
In file included from [01m[K/opt/ros/humble/include/rclcpp/rclcpp/executors.hpp:18[m[K,
                 from [01m[K/opt/ros/humble/include/rclcpp/rclcpp/rclcpp.hpp:155[m[K,
                 from [01m[K/home/robot/ros_workspaces/project2/firstservicepkg/src/action_client.cpp:1[m[K:
[01m[K/usr/include/c++/11/future:124:11:[m[K [01;36m[Knote: [m[Kâ€˜[01m[Kstd::future[m[Kâ€™ declared here
  124 |     class [01;36m[Kfuture[m[K;
      |           [01;36m[K^~~~~~[m[K
[01m[K/home/robot/ros_workspaces/project2/firstservicepkg/src/action_client.cpp:75:43:[m[K [01;35m[Kwarning: [m[Kunused parameter â€˜[01m[KSharedPtr[m[Kâ€™ [[01;35m[K]8;;https://gcc.gnu.org/onlinedocs/gcc/Warning-Options.html#index-Wunused-parameter-Wunused-parameter]8;;[m[K]
   75 |   void goal_response_callback([01;35m[KGoalHandle::SharedPtr[m[K future)
      |                               [01;35m[K~~~~~~~~~~~~^~~~~~~~~[m[K
[01m[K/home/robot/ros_workspaces/project2/firstservicepkg/src/action_client.cpp:[m[K In member function â€˜[01m[Kvoid NavigateActionClientNode::feedback_callback(int)[m[Kâ€™:
[01m[K/home/robot/ros_workspaces/project2/firstservicepkg/src/action_client.cpp:91:11:[m[K [01;31m[Kerror: [m[Kâ€˜[01m[Kfuture[m[Kâ€™ was not declared in this scope; did you mean â€˜[01m[Kstd::future[m[Kâ€™?
   91 |     (void)[01;31m[Kfuture[m[K; // Not using right now
      |           [01;31m[K^~~~~~[m[K
      |           [32m[Kstd::future[m[K
In file included from [01m[K/opt/ros/humble/include/rclcpp/rclcpp/executors.hpp:18[m[K,
                 from [01m[K/opt/ros/humble/include/rclcpp/rclcpp/rclcpp.hpp:155[m[K,
                 from [01m[K/home/robot/ros_workspaces/project2/firstservicepkg/src/action_client.cpp:1[m[K:
[01m[K/usr/include/c++/11/future:124:11:[m[K [01;36m[Knote: [m[Kâ€˜[01m[Kstd::future[m[Kâ€™ declared here
  124 |     class [01;36m[Kfuture[m[K;
      |           [01;36m[K^~~~~~[m[K
[01m[K/home/robot/ros_workspaces/project2/firstservicepkg/src/action_client.cpp:92:34:[m[K [01;31m[Kerror: [m[Kâ€˜[01m[Kfeedback[m[Kâ€™ was not declared in this scope
   92 |     std::cout << "Feedback: " << [01;31m[Kfeedback[m[K->distance_to_point << std::endl;
      |                                  [01;31m[K^~~~~~~~[m[K
[01m[K/home/robot/ros_workspaces/project2/firstservicepkg/src/action_client.cpp:88:17:[m[K [01;35m[Kwarning: [m[Kunused parameter â€˜[01m[KSharedPtr[m[Kâ€™ [[01;35m[K]8;;https://gcc.gnu.org/onlinedocs/gcc/Warning-Options.html#index-Wunused-parameter-Wunused-parameter]8;;[m[K]
   88 |     [01;35m[KGoalHandle::SharedPtr[m[K future,
      |     [01;35m[K~~~~~~~~~~~~^~~~~~~~~[m[K
gmake[2]: *** [CMakeFiles/action_client.dir/build.make:76: CMakeFiles/action_client.dir/src/action_client.cpp.o] Error 1
gmake[1]: *** [CMakeFiles/Makefile2:680: CMakeFiles/action_client.dir/all] Error 2
gmake: *** [Makefile:146: all] Error 2
