-- Found ament_cmake: 1.3.9 (/opt/ros/humble/share/ament_cmake/cmake)
-- Found rclcpp: 16.0.9 (/opt/ros/humble/share/rclcpp/cmake)
-- Found rosidl_generator_c: 3.1.5 (/opt/ros/humble/share/rosidl_generator_c/cmake)
-- Found rosidl_adapter: 3.1.5 (/opt/ros/humble/share/rosidl_adapter/cmake)
-- Found rosidl_generator_cpp: 3.1.5 (/opt/ros/humble/share/rosidl_generator_cpp/cmake)
-- Using all available rosidl_typesupport_c: rosidl_typesupport_fastrtps_c;rosidl_typesupport_introspection_c
-- Using all available rosidl_typesupport_cpp: rosidl_typesupport_fastrtps_cpp;rosidl_typesupport_introspection_cpp
-- Found rmw_implementation_cmake: 6.1.2 (/opt/ros/humble/share/rmw_implementation_cmake/cmake)
-- Found rmw_fastrtps_cpp: 6.2.6 (/opt/ros/humble/share/rmw_fastrtps_cpp/cmake)
-- Using RMW implementation 'rmw_fastrtps_cpp' as default
-- Found rosidl_default_generators: 1.2.0 (/opt/ros/humble/share/rosidl_default_generators/cmake)
-- Found sensor_msgs: 4.2.4 (/opt/ros/humble/share/sensor_msgs/cmake)
-- Found action_msgs: 1.2.1 (/opt/ros/humble/share/action_msgs/cmake)
-- Found cv_bridge: 3.2.1 (/opt/ros/humble/share/cv_bridge/cmake)
-- Found rclcpp_action: 16.0.9 (/opt/ros/humble/share/rclcpp_action/cmake)
-- Found ament_cmake_cppcheck: 0.12.11 (/opt/ros/humble/share/ament_cmake_cppcheck/cmake)
-- Found ament_cmake_cpplint: 0.12.11 (/opt/ros/humble/share/ament_cmake_cpplint/cmake)
-- Found ament_cmake_uncrustify: 0.12.11 (/opt/ros/humble/share/ament_cmake_uncrustify/cmake)
-- Found ament_cmake_ros: 0.10.0 (/opt/ros/humble/share/ament_cmake_ros/cmake)
-- Using all available rosidl_typesupport_c: rosidl_typesupport_fastrtps_c;rosidl_typesupport_introspection_c
-- Using all available rosidl_typesupport_cpp: rosidl_typesupport_fastrtps_cpp;rosidl_typesupport_introspection_cpp
-- Found python_cmake_module: 0.10.0 (/opt/ros/humble/share/python_cmake_module/cmake)
-- Using PYTHON_EXECUTABLE: /usr/bin/python3
-- Using PYTHON_INCLUDE_DIRS: /usr/include/python3.10
-- Using PYTHON_LIBRARIES: /usr/lib/x86_64-linux-gnu/libpython3.10.so
-- Found ament_cmake_flake8: 0.12.11 (/opt/ros/humble/share/ament_cmake_flake8/cmake)
-- Found ament_cmake_pep257: 0.12.11 (/opt/ros/humble/share/ament_cmake_pep257/cmake)
-- Found ament_lint_auto: 0.12.11 (/opt/ros/humble/share/ament_lint_auto/cmake)
-- Added test 'cppcheck' to perform static code analysis on C / C++ code
-- Configured cppcheck include dirs: $<BUILD_INTERFACE:/home/robot/ros_workspaces/project2/firstservicepkg/build/firstservicepkg/rosidl_generator_c>;$<BUILD_INTERFACE:/home/robot/ros_workspaces/project2/firstservicepkg/build/firstservicepkg/rosidl_typesupport_fastrtps_c>;$<BUILD_INTERFACE:/home/robot/ros_workspaces/project2/firstservicepkg/build/firstservicepkg/rosidl_generator_cpp>;$<BUILD_INTERFACE:/home/robot/ros_workspaces/project2/firstservicepkg/build/firstservicepkg/rosidl_typesupport_fastrtps_cpp>;$<BUILD_INTERFACE:/home/robot/ros_workspaces/project2/firstservicepkg/build/firstservicepkg/rosidl_typesupport_introspection_c>;$<BUILD_INTERFACE:/home/robot/ros_workspaces/project2/firstservicepkg/build/firstservicepkg/rosidl_typesupport_introspection_cpp>;/home/robot/ros_workspaces/project2/firstservicepkg/build/firstservicepkg/rosidl_generator_c;/home/robot/ros_workspaces/project2/firstservicepkg/build/firstservicepkg/rosidl_generator_py
-- Configured cppcheck exclude dirs and/or files: 
-- Added test 'cpplint' to check C / C++ code against the Google style
-- Configured cpplint exclude dirs and/or files: 
-- Added test 'uncrustify' to check C / C++ code style
-- Configured uncrustify additional arguments: 
-- Added test 'flake8' to check Python code syntax and style conventions
-- Added test 'pep257' to check Python code against some of the docstring style conventions in PEP 257
-- Added test 'lint_cmake' to check CMake code style
-- Added test 'xmllint' to check XML markup files
-- Configuring done
-- Generating done
-- Build files have been written to: /home/robot/ros_workspaces/project2/firstservicepkg/build/firstservicepkg
[35m[1mConsolidate compiler generated dependencies of target firstservicepkg__rosidl_generator_c[0m
[  2%] Built target firstservicepkg__cpp
[ 10%] Built target firstservicepkg__rosidl_generator_c
[35m[1mConsolidate compiler generated dependencies of target firstservicepkg__rosidl_typesupport_cpp[0m
[35m[1mConsolidate compiler generated dependencies of target firstservicepkg__rosidl_typesupport_fastrtps_cpp[0m
[35m[1mConsolidate compiler generated dependencies of target firstservicepkg__rosidl_typesupport_introspection_cpp[0m
[ 19%] Built target firstservicepkg__rosidl_typesupport_cpp
[ 27%] Built target firstservicepkg__rosidl_typesupport_fastrtps_cpp
[ 36%] Built target firstservicepkg__rosidl_typesupport_introspection_cpp
[35m[1mConsolidate compiler generated dependencies of target firstservicepkg__rosidl_typesupport_fastrtps_c[0m
[35m[1mConsolidate compiler generated dependencies of target firstservicepkg__rosidl_typesupport_introspection_c[0m
[ 44%] Built target firstservicepkg__rosidl_typesupport_fastrtps_c
[35m[1mConsolidate compiler generated dependencies of target firstservicepkg__rosidl_typesupport_c[0m
[ 44%] Built target ament_cmake_python_copy_firstservicepkg
[35m[1mConsolidate compiler generated dependencies of target turn_camera_service[0m
[35m[1mConsolidate compiler generated dependencies of target turn_camera_client[0m
[ 53%] Built target firstservicepkg__rosidl_typesupport_introspection_c
[ 61%] Built target firstservicepkg__rosidl_typesupport_c
[ 65%] Built target turn_camera_client
[35m[1mConsolidate compiler generated dependencies of target action_server[0m
[ 68%] [32mBuilding CXX object CMakeFiles/action_client.dir/src/action_client.cpp.o[0m
[ 72%] Built target turn_camera_service
[ 72%] Built target firstservicepkg
[ 76%] Built target action_server
[ 78%] Built target firstservicepkg__py
[35m[1mConsolidate compiler generated dependencies of target firstservicepkg__rosidl_generator_py[0m
[ 85%] Built target firstservicepkg__rosidl_generator_py
[35m[1mConsolidate compiler generated dependencies of target firstservicepkg__rosidl_typesupport_introspection_c__pyext[0m
[35m[1mConsolidate compiler generated dependencies of target firstservicepkg__rosidl_typesupport_fastrtps_c__pyext[0m
[ 89%] Built target firstservicepkg__rosidl_typesupport_introspection_c__pyext
[35m[1mConsolidate compiler generated dependencies of target firstservicepkg__rosidl_typesupport_c__pyext[0m
[ 93%] Built target firstservicepkg__rosidl_typesupport_fastrtps_c__pyext
[ 97%] Built target firstservicepkg__rosidl_typesupport_c__pyext
running egg_info
writing firstservicepkg.egg-info/PKG-INFO
writing dependency_links to firstservicepkg.egg-info/dependency_links.txt
writing top-level names to firstservicepkg.egg-info/top_level.txt
reading manifest file 'firstservicepkg.egg-info/SOURCES.txt'
writing manifest file 'firstservicepkg.egg-info/SOURCES.txt'
[ 97%] Built target ament_cmake_python_build_firstservicepkg_egg
[01m[K/home/robot/ros_workspaces/project2/firstservicepkg/src/action_client.cpp:7:9:[m[K [01;31m[Kerror: [m[Kâ€˜[01m[Kudemy_ros2_pkg[m[Kâ€™ does not name a type
    7 | typedef [01;31m[Kudemy_ros2_pkg[m[K::action::Navigate NavigateAction;
      |         [01;31m[K^~~~~~~~~~~~~~[m[K
[01m[K/home/robot/ros_workspaces/project2/firstservicepkg/src/action_client.cpp:8:41:[m[K [01;31m[Kerror: [m[Kâ€˜[01m[KNavigateAction[m[Kâ€™ was not declared in this scope
    8 | typedef rclcpp_action::ClientGoalHandle<[01;31m[KNavigateAction[m[K> GoalHandle;
      |                                         [01;31m[K^~~~~~~~~~~~~~[m[K
[01m[K/home/robot/ros_workspaces/project2/firstservicepkg/src/action_client.cpp:8:55:[m[K [01;31m[Kerror: [m[Ktemplate argument 1 is invalid
    8 | typedef rclcpp_action::ClientGoalHandle<NavigateAction[01;31m[K>[m[K GoalHandle;
      |                                                       [01;31m[K^[m[K
[01m[K/home/robot/ros_workspaces/project2/firstservicepkg/src/action_client.cpp:32:25:[m[K [01;31m[Kerror: [m[Kâ€˜[01m[KNavigateAction[m[Kâ€™ was not declared in this scope
   32 |   rclcpp_action::Client<[01;31m[KNavigateAction[m[K>::SharedPtr action_client_;
      |                         [01;31m[K^~~~~~~~~~~~~~[m[K
[01m[K/home/robot/ros_workspaces/project2/firstservicepkg/src/action_client.cpp:32:39:[m[K [01;31m[Kerror: [m[Ktemplate argument 1 is invalid
   32 |   rclcpp_action::Client<NavigateAction[01;31m[K>[m[K::SharedPtr action_client_;
      |                                       [01;31m[K^[m[K
[01m[K/home/robot/ros_workspaces/project2/firstservicepkg/src/action_client.cpp:32:42:[m[K [01;31m[Kerror: [m[Kexpected â€˜[01m[K;[m[Kâ€™ at end of member declaration
   32 |   rclcpp_action::Client<NavigateAction>::[01;31m[KSharedPtr[m[K action_client_;
      |                                          [01;31m[K^~~~~~~~~[m[K
      |                                                   [32m[K;[m[K
[01m[K/home/robot/ros_workspaces/project2/firstservicepkg/src/action_client.cpp:32:52:[m[K [01;31m[Kerror: [m[Kâ€˜[01m[Kaction_client_[m[Kâ€™ does not name a type; did you mean â€˜[01m[Krcl_action_client_t[m[Kâ€™?
   32 |   rclcpp_action::Client<NavigateAction>::SharedPtr [01;31m[Kaction_client_[m[K;
      |                                                    [01;31m[K^~~~~~~~~~~~~~[m[K
      |                                                    [32m[Krcl_action_client_t[m[K
[01m[K/home/robot/ros_workspaces/project2/firstservicepkg/src/action_client.cpp:75:31:[m[K [01;31m[Kerror: [m[Kâ€˜[01m[KGoalHandle[m[Kâ€™ is not a class, namespace, or enumeration
   75 |   void goal_response_callback([01;31m[KGoalHandle[m[K::SharedPtr future)
      |                               [01;31m[K^~~~~~~~~~[m[K
[01m[K/home/robot/ros_workspaces/project2/firstservicepkg/src/action_client.cpp:75:53:[m[K [01;31m[Kerror: [m[Kexpected â€˜[01m[K,[m[Kâ€™ or â€˜[01m[K...[m[Kâ€™ before â€˜[01m[Kfuture[m[Kâ€™
   75 |   void goal_response_callback(GoalHandle::SharedPtr [01;31m[Kfuture[m[K)
      |                                                     [01;31m[K^~~~~~[m[K
[01m[K/home/robot/ros_workspaces/project2/firstservicepkg/src/action_client.cpp:88:5:[m[K [01;31m[Kerror: [m[Kâ€˜[01m[KGoalHandle[m[Kâ€™ is not a class, namespace, or enumeration
   88 |     [01;31m[KGoalHandle[m[K::SharedPtr future,
      |     [01;31m[K^~~~~~~~~~[m[K
[01m[K/home/robot/ros_workspaces/project2/firstservicepkg/src/action_client.cpp:88:27:[m[K [01;31m[Kerror: [m[Kexpected â€˜[01m[K,[m[Kâ€™ or â€˜[01m[K...[m[Kâ€™ before â€˜[01m[Kfuture[m[Kâ€™
   88 |     GoalHandle::SharedPtr [01;31m[Kfuture[m[K,
      |                           [01;31m[K^~~~~~[m[K
[01m[K/home/robot/ros_workspaces/project2/firstservicepkg/src/action_client.cpp:95:56:[m[K [01;31m[Kerror: [m[Kexpected unqualified-id before â€˜[01m[K&[m[Kâ€™ token
   95 |   void result_callback(const GoalHandle::WrappedResult [01;31m[K&[m[K result)
      |                                                        [01;31m[K^[m[K
[01m[K/home/robot/ros_workspaces/project2/firstservicepkg/src/action_client.cpp:95:55:[m[K [01;31m[Kerror: [m[Kexpected â€˜[01m[K)[m[Kâ€™ before â€˜[01m[K&[m[Kâ€™ token
   95 |   void result_callback[34m[K([m[Kconst GoalHandle::WrappedResult[01;31m[K [m[K[32m[K&[m[K result)
      |                       [34m[K~[m[K                               [01;31m[K^[m[K[32m[K~[m[K
      |                                                       [32m[K)[m[K
[01m[K/home/robot/ros_workspaces/project2/firstservicepkg/src/action_client.cpp:95:56:[m[K [01;31m[Kerror: [m[Kexpected â€˜[01m[K;[m[Kâ€™ at end of member declaration
   95 |   void result_callback(const GoalHandle::WrappedResult [01;31m[K&[m[K result)
      |                                                        [01;31m[K^[m[K
      |                                                         [32m[K;[m[K
[01m[K/home/robot/ros_workspaces/project2/firstservicepkg/src/action_client.cpp:95:58:[m[K [01;31m[Kerror: [m[Kâ€˜[01m[Kresult[m[Kâ€™ does not name a type
   95 |   void result_callback(const GoalHandle::WrappedResult & [01;31m[Kresult[m[K)
      |                                                          [01;31m[K^~~~~~[m[K
[01m[K/home/robot/ros_workspaces/project2/firstservicepkg/src/action_client.cpp:[m[K In constructor â€˜[01m[KNavigateActionClientNode::NavigateActionClientNode()[m[Kâ€™:
[01m[K/home/robot/ros_workspaces/project2/firstservicepkg/src/action_client.cpp:17:5:[m[K [01;31m[Kerror: [m[Kâ€˜[01m[Kaction_client_[m[Kâ€™ was not declared in this scope; did you mean â€˜[01m[Krcl_action_client_t[m[Kâ€™?
   17 |     [01;31m[Kaction_client_[m[K = rclcpp_action::create_client<NavigateAction>(
      |     [01;31m[K^~~~~~~~~~~~~~[m[K
      |     [32m[Krcl_action_client_t[m[K
[01m[K/home/robot/ros_workspaces/project2/firstservicepkg/src/action_client.cpp:17:51:[m[K [01;31m[Kerror: [m[Kâ€˜[01m[KNavigateAction[m[Kâ€™ was not declared in this scope
   17 |     action_client_ = rclcpp_action::create_client<[01;31m[KNavigateAction[m[K>(
      |                                                   [01;31m[K^~~~~~~~~~~~~~[m[K
[01m[K/home/robot/ros_workspaces/project2/firstservicepkg/src/action_client.cpp:17:66:[m[K [01;31m[Kerror: [m[Kno matching function for call to â€˜[01m[Kcreate_client<<expression error> >(NavigateActionClientNode*, const char [9])[m[Kâ€™
   17 |     action_client_ = [01;31m[Krclcpp_action::create_client<NavigateAction>([m[K
      |                      [01;31m[K~~~~~~~~~~~~~~~~~~~~~~~~~~~~~~~~~~~~~~~~~~~~^[m[K
   18 | [01;31m[K      this,[m[K
      |       [01;31m[K~~~~~[m[K                                                       
   19 | [01;31m[K      "navigate")[m[K;
      |       [01;31m[K~~~~~~~~~~~[m[K                                                 
In file included from [01m[K/opt/ros/humble/include/rclcpp_action/rclcpp_action/rclcpp_action.hpp:38[m[K,
                 from [01m[K/home/robot/ros_workspaces/project2/firstservicepkg/src/action_client.cpp:2[m[K:
[01m[K/opt/ros/humble/include/rclcpp_action/rclcpp_action/create_client.hpp:44:1:[m[K [01;36m[Knote: [m[Kcandidate: â€˜[01m[Ktemplate<class ActionT> typename rclcpp_action::Client<ActionT>::SharedPtr rclcpp_action::create_client(rclcpp::node_interfaces::NodeBaseInterface::SharedPtr, rclcpp::node_interfaces::NodeGraphInterface::SharedPtr, rclcpp::node_interfaces::NodeLoggingInterface::SharedPtr, rclcpp::node_interfaces::NodeWaitablesInterface::SharedPtr, const string&, rclcpp::CallbackGroup::SharedPtr, const rcl_action_client_options_t&)[m[Kâ€™
   44 | [01;36m[Kcreate_client[m[K(
      | [01;36m[K^~~~~~~~~~~~~[m[K
[01m[K/opt/ros/humble/include/rclcpp_action/rclcpp_action/create_client.hpp:44:1:[m[K [01;36m[Knote: [m[K  template argument deduction/substitution failed:
[01m[K/home/robot/ros_workspaces/project2/firstservicepkg/src/action_client.cpp:17:66:[m[K [01;31m[Kerror: [m[Ktemplate argument 1 is invalid
   17 |     action_client_ = [01;31m[Krclcpp_action::create_client<NavigateAction>([m[K
      |                      [01;31m[K~~~~~~~~~~~~~~~~~~~~~~~~~~~~~~~~~~~~~~~~~~~~^[m[K
   18 | [01;31m[K      this,[m[K
      |       [01;31m[K~~~~~[m[K                                                       
   19 | [01;31m[K      "navigate")[m[K;
      |       [01;31m[K~~~~~~~~~~~[m[K                                                 
In file included from [01m[K/opt/ros/humble/include/rclcpp_action/rclcpp_action/rclcpp_action.hpp:38[m[K,
                 from [01m[K/home/robot/ros_workspaces/project2/firstservicepkg/src/action_client.cpp:2[m[K:
[01m[K/opt/ros/humble/include/rclcpp_action/rclcpp_action/create_client.hpp:105:1:[m[K [01;36m[Knote: [m[Kcandidate: â€˜[01m[Ktemplate<class ActionT, class NodeT> typename rclcpp_action::Client<ActionT>::SharedPtr rclcpp_action::create_client(NodeT, const string&, rclcpp::CallbackGroup::SharedPtr, const rcl_action_client_options_t&)[m[Kâ€™
  105 | [01;36m[Kcreate_client[m[K(
      | [01;36m[K^~~~~~~~~~~~~[m[K
[01m[K/opt/ros/humble/include/rclcpp_action/rclcpp_action/create_client.hpp:105:1:[m[K [01;36m[Knote: [m[K  template argument deduction/substitution failed:
[01m[K/home/robot/ros_workspaces/project2/firstservicepkg/src/action_client.cpp:17:66:[m[K [01;31m[Kerror: [m[Ktemplate argument 1 is invalid
   17 |     action_client_ = [01;31m[Krclcpp_action::create_client<NavigateAction>([m[K
      |                      [01;31m[K~~~~~~~~~~~~~~~~~~~~~~~~~~~~~~~~~~~~~~~~~~~~^[m[K
   18 | [01;31m[K      this,[m[K
      |       [01;31m[K~~~~~[m[K                                                       
   19 | [01;31m[K      "navigate")[m[K;
      |       [01;31m[K~~~~~~~~~~~[m[K                                                 
[01m[K/home/robot/ros_workspaces/project2/firstservicepkg/src/action_client.cpp:[m[K In member function â€˜[01m[Kvoid NavigateActionClientNode::prompt_user_for_goal()[m[Kâ€™:
[01m[K/home/robot/ros_workspaces/project2/firstservicepkg/src/action_client.cpp:46:21:[m[K [01;31m[Kerror: [m[Kâ€˜[01m[KNavigateAction[m[Kâ€™ has not been declared
   46 |     auto goal_msg = [01;31m[KNavigateAction[m[K::Goal();
      |                     [01;31m[K^~~~~~~~~~~~~~[m[K
[01m[K/home/robot/ros_workspaces/project2/firstservicepkg/src/action_client.cpp:58:11:[m[K [01;31m[Kerror: [m[Kâ€˜[01m[Kclass NavigateActionClientNode[m[Kâ€™ has no member named â€˜[01m[Kaction_client_[m[Kâ€™
   58 |     this->[01;31m[Kaction_client_[m[K->wait_for_action_server();
      |           [01;31m[K^~~~~~~~~~~~~~[m[K
[01m[K/home/robot/ros_workspaces/project2/firstservicepkg/src/action_client.cpp:63:52:[m[K [01;31m[Kerror: [m[Kâ€˜[01m[KNavigateAction[m[Kâ€™ was not declared in this scope
   63 |     auto send_goal_options = rclcpp_action::Client<[01;31m[KNavigateAction[m[K>::SendGoalOptions();
      |                                                    [01;31m[K^~~~~~~~~~~~~~[m[K
[01m[K/home/robot/ros_workspaces/project2/firstservicepkg/src/action_client.cpp:63:66:[m[K [01;31m[Kerror: [m[Ktemplate argument 1 is invalid
   63 |     auto send_goal_options = rclcpp_action::Client<NavigateAction[01;31m[K>[m[K::SendGoalOptions();
      |                                                                  [01;31m[K^[m[K
In file included from [01m[K/usr/include/c++/11/pstl/glue_algorithm_defs.h:13[m[K,
                 from [01m[K/usr/include/c++/11/algorithm:74[m[K,
                 from [01m[K/opt/ros/humble/include/rclcpp/rclcpp/executor.hpp:18[m[K,
                 from [01m[K/opt/ros/humble/include/rclcpp/rclcpp/executors/multi_threaded_executor.hpp:25[m[K,
                 from [01m[K/opt/ros/humble/include/rclcpp/rclcpp/executors.hpp:21[m[K,
                 from [01m[K/opt/ros/humble/include/rclcpp/rclcpp/rclcpp.hpp:155[m[K,
                 from [01m[K/home/robot/ros_workspaces/project2/firstservicepkg/src/action_client.cpp:1[m[K:
/usr/include/c++/11/functional: In instantiation of â€˜[01m[Kstruct std::_Bind_check_arity<void (NavigateActionClientNode::*)(int), NavigateActionClientNode*, const std::_Placeholder<1>&, const std::_Placeholder<2>&>[m[Kâ€™:
[01m[K/usr/include/c++/11/functional:768:12:[m[K   required from â€˜[01m[Kstruct std::_Bind_helper<false, void (NavigateActionClientNode::*)(int), NavigateActionClientNode*, const std::_Placeholder<1>&, const std::_Placeholder<2>&>[m[Kâ€™
[01m[K/usr/include/c++/11/functional:789:5:[m[K   required by substitution of â€˜[01m[Ktemplate<class _Func, class ... _BoundArgs> typename std::_Bind_helper<std::__is_socketlike<_Func>::value, _Func, _BoundArgs ...>::type std::bind(_Func&&, _BoundArgs&& ...) [with _Func = void (NavigateActionClientNode::*)(int); _BoundArgs = {NavigateActionClientNode*, const std::_Placeholder<1>&, const std::_Placeholder<2>&}][m[Kâ€™
[01m[K/home/robot/ros_workspaces/project2/firstservicepkg/src/action_client.cpp:68:16:[m[K   required from here
[01m[K/usr/include/c++/11/functional:756:21:[m[K [01;31m[Kerror: [m[Kstatic assertion failed: Wrong number of arguments for pointer-to-member
  755 |       static_assert(_Varargs::[01;31m[Kvalue[m[K
      |                               [01;31m[K~~~~~[m[K
  756 | [01;31m[K                    ? sizeof...(_BoundArgs) >= _Arity::value + 1[m[K
      |                     [01;31m[K^~~~~~~~~~~~~~~~~~~~~~~~~~~~~~~~~~~~~~~~~~~~[m[K
  757 | [01;31m[K                    : sizeof...(_BoundArgs) == _Arity::value + 1[m[K,
      |                     [01;31m[K~~~~~~~~~~~~~~~~~~~~~~~~~~~~~~~~~~~~~~~~~~~~[m[K
[01m[K/usr/include/c++/11/functional:756:21:[m[K [01;36m[Knote: [m[Kâ€˜[01m[K(false ? (3 >= (((long unsigned int)std::integral_constant<long unsigned int, 1>::value) + 1)) : (3 == (((long unsigned int)std::integral_constant<long unsigned int, 1>::value) + 1)))[m[Kâ€™ evaluates to false
[01m[K/home/robot/ros_workspaces/project2/firstservicepkg/src/action_client.cpp:72:11:[m[K [01;31m[Kerror: [m[Kâ€˜[01m[Kclass NavigateActionClientNode[m[Kâ€™ has no member named â€˜[01m[Kaction_client_[m[Kâ€™
   72 |     this->[01;31m[Kaction_client_[m[K->async_send_goal(goal_msg, send_goal_options);
      |           [01;31m[K^~~~~~~~~~~~~~[m[K
[01m[K/home/robot/ros_workspaces/project2/firstservicepkg/src/action_client.cpp:[m[K In member function â€˜[01m[Kvoid NavigateActionClientNode::goal_response_callback(int)[m[Kâ€™:
[01m[K/home/robot/ros_workspaces/project2/firstservicepkg/src/action_client.cpp:77:24:[m[K [01;31m[Kerror: [m[Kâ€˜[01m[Kfuture[m[Kâ€™ was not declared in this scope; did you mean â€˜[01m[Kstd::future[m[Kâ€™?
   77 |     auto goal_handle = [01;31m[Kfuture[m[K.get();
      |                        [01;31m[K^~~~~~[m[K
      |                        [32m[Kstd::future[m[K
In file included from [01m[K/opt/ros/humble/include/rclcpp/rclcpp/executors.hpp:18[m[K,
                 from [01m[K/opt/ros/humble/include/rclcpp/rclcpp/rclcpp.hpp:155[m[K,
                 from [01m[K/home/robot/ros_workspaces/project2/firstservicepkg/src/action_client.cpp:1[m[K:
[01m[K/usr/include/c++/11/future:124:11:[m[K [01;36m[Knote: [m[Kâ€˜[01m[Kstd::future[m[Kâ€™ declared here
  124 |     class [01;36m[Kfuture[m[K;
      |           [01;36m[K^~~~~~[m[K
[01m[K/home/robot/ros_workspaces/project2/firstservicepkg/src/action_client.cpp:75:43:[m[K [01;35m[Kwarning: [m[Kunused parameter â€˜[01m[KSharedPtr[m[Kâ€™ [[01;35m[K]8;;https://gcc.gnu.org/onlinedocs/gcc/Warning-Options.html#index-Wunused-parameter-Wunused-parameter]8;;[m[K]
   75 |   void goal_response_callback([01;35m[KGoalHandle::SharedPtr[m[K future)
      |                               [01;35m[K~~~~~~~~~~~~^~~~~~~~~[m[K
[01m[K/home/robot/ros_workspaces/project2/firstservicepkg/src/action_client.cpp:[m[K In member function â€˜[01m[Kvoid NavigateActionClientNode::feedback_callback(int)[m[Kâ€™:
[01m[K/home/robot/ros_workspaces/project2/firstservicepkg/src/action_client.cpp:91:11:[m[K [01;31m[Kerror: [m[Kâ€˜[01m[Kfuture[m[Kâ€™ was not declared in this scope; did you mean â€˜[01m[Kstd::future[m[Kâ€™?
   91 |     (void)[01;31m[Kfuture[m[K; // Not using right now
      |           [01;31m[K^~~~~~[m[K
      |           [32m[Kstd::future[m[K
In file included from [01m[K/opt/ros/humble/include/rclcpp/rclcpp/executors.hpp:18[m[K,
                 from [01m[K/opt/ros/humble/include/rclcpp/rclcpp/rclcpp.hpp:155[m[K,
                 from [01m[K/home/robot/ros_workspaces/project2/firstservicepkg/src/action_client.cpp:1[m[K:
[01m[K/usr/include/c++/11/future:124:11:[m[K [01;36m[Knote: [m[Kâ€˜[01m[Kstd::future[m[Kâ€™ declared here
  124 |     class [01;36m[Kfuture[m[K;
      |           [01;36m[K^~~~~~[m[K
[01m[K/home/robot/ros_workspaces/project2/firstservicepkg/src/action_client.cpp:92:34:[m[K [01;31m[Kerror: [m[Kâ€˜[01m[Kfeedback[m[Kâ€™ was not declared in this scope
   92 |     std::cout << "Feedback: " << [01;31m[Kfeedback[m[K->distance_to_point << std::endl;
      |                                  [01;31m[K^~~~~~~~[m[K
[01m[K/home/robot/ros_workspaces/project2/firstservicepkg/src/action_client.cpp:88:17:[m[K [01;35m[Kwarning: [m[Kunused parameter â€˜[01m[KSharedPtr[m[Kâ€™ [[01;35m[K]8;;https://gcc.gnu.org/onlinedocs/gcc/Warning-Options.html#index-Wunused-parameter-Wunused-parameter]8;;[m[K]
   88 |     [01;35m[KGoalHandle::SharedPtr[m[K future,
      |     [01;35m[K~~~~~~~~~~~~^~~~~~~~~[m[K
gmake[2]: *** [CMakeFiles/action_client.dir/build.make:76: CMakeFiles/action_client.dir/src/action_client.cpp.o] Error 1
gmake[1]: *** [CMakeFiles/Makefile2:680: CMakeFiles/action_client.dir/all] Error 2
gmake: *** [Makefile:146: all] Error 2
