[0.051s] Invoking command in '/home/robot/ros_workspaces/project2/firstservicepkg/build/firstservicepkg': CMAKE_PREFIX_PATH=${CMAKE_PREFIX_PATH}:/opt/ros/humble /usr/bin/cmake --build /home/robot/ros_workspaces/project2/firstservicepkg/build/firstservicepkg -- -j4 -l4
[0.200s] -- Found ament_cmake: 1.3.9 (/opt/ros/humble/share/ament_cmake/cmake)
[0.811s] -- Found rclcpp: 16.0.9 (/opt/ros/humble/share/rclcpp/cmake)
[0.976s] -- Found rosidl_generator_c: 3.1.5 (/opt/ros/humble/share/rosidl_generator_c/cmake)
[0.998s] -- Found rosidl_adapter: 3.1.5 (/opt/ros/humble/share/rosidl_adapter/cmake)
[1.042s] -- Found rosidl_generator_cpp: 3.1.5 (/opt/ros/humble/share/rosidl_generator_cpp/cmake)
[1.122s] -- Using all available rosidl_typesupport_c: rosidl_typesupport_fastrtps_c;rosidl_typesupport_introspection_c
[1.224s] -- Using all available rosidl_typesupport_cpp: rosidl_typesupport_fastrtps_cpp;rosidl_typesupport_introspection_cpp
[1.568s] -- Found rmw_implementation_cmake: 6.1.2 (/opt/ros/humble/share/rmw_implementation_cmake/cmake)
[1.576s] -- Found rmw_fastrtps_cpp: 6.2.6 (/opt/ros/humble/share/rmw_fastrtps_cpp/cmake)
[2.079s] -- Using RMW implementation 'rmw_fastrtps_cpp' as default
[2.968s] -- Found rosidl_default_generators: 1.2.0 (/opt/ros/humble/share/rosidl_default_generators/cmake)
[3.010s] -- Found sensor_msgs: 4.2.4 (/opt/ros/humble/share/sensor_msgs/cmake)
[3.723s] -- Found action_msgs: 1.2.1 (/opt/ros/humble/share/action_msgs/cmake)
[4.081s] -- Found cv_bridge: 3.2.1 (/opt/ros/humble/share/cv_bridge/cmake)
[4.130s] -- Found rclcpp_action: 16.0.9 (/opt/ros/humble/share/rclcpp_action/cmake)
[5.955s] -- Found ament_cmake_cppcheck: 0.12.11 (/opt/ros/humble/share/ament_cmake_cppcheck/cmake)
[5.961s] -- Found ament_cmake_cpplint: 0.12.11 (/opt/ros/humble/share/ament_cmake_cpplint/cmake)
[5.966s] -- Found ament_cmake_uncrustify: 0.12.11 (/opt/ros/humble/share/ament_cmake_uncrustify/cmake)
[5.973s] -- Found ament_cmake_ros: 0.10.0 (/opt/ros/humble/share/ament_cmake_ros/cmake)
[8.563s] -- Using all available rosidl_typesupport_c: rosidl_typesupport_fastrtps_c;rosidl_typesupport_introspection_c
[9.568s] -- Using all available rosidl_typesupport_cpp: rosidl_typesupport_fastrtps_cpp;rosidl_typesupport_introspection_cpp
[9.683s] -- Found python_cmake_module: 0.10.0 (/opt/ros/humble/share/python_cmake_module/cmake)
[9.792s] -- Using PYTHON_EXECUTABLE: /usr/bin/python3
[9.793s] -- Using PYTHON_INCLUDE_DIRS: /usr/include/python3.10
[9.793s] -- Using PYTHON_LIBRARIES: /usr/lib/x86_64-linux-gnu/libpython3.10.so
[10.162s] -- Found ament_cmake_flake8: 0.12.11 (/opt/ros/humble/share/ament_cmake_flake8/cmake)
[10.167s] -- Found ament_cmake_pep257: 0.12.11 (/opt/ros/humble/share/ament_cmake_pep257/cmake)
[10.249s] -- Found ament_lint_auto: 0.12.11 (/opt/ros/humble/share/ament_lint_auto/cmake)
[10.564s] -- Added test 'cppcheck' to perform static code analysis on C / C++ code
[10.570s] -- Configured cppcheck include dirs: $<BUILD_INTERFACE:/home/robot/ros_workspaces/project2/firstservicepkg/build/firstservicepkg/rosidl_generator_c>;$<BUILD_INTERFACE:/home/robot/ros_workspaces/project2/firstservicepkg/build/firstservicepkg/rosidl_typesupport_fastrtps_c>;$<BUILD_INTERFACE:/home/robot/ros_workspaces/project2/firstservicepkg/build/firstservicepkg/rosidl_generator_cpp>;$<BUILD_INTERFACE:/home/robot/ros_workspaces/project2/firstservicepkg/build/firstservicepkg/rosidl_typesupport_fastrtps_cpp>;$<BUILD_INTERFACE:/home/robot/ros_workspaces/project2/firstservicepkg/build/firstservicepkg/rosidl_typesupport_introspection_c>;$<BUILD_INTERFACE:/home/robot/ros_workspaces/project2/firstservicepkg/build/firstservicepkg/rosidl_typesupport_introspection_cpp>;/home/robot/ros_workspaces/project2/firstservicepkg/build/firstservicepkg/rosidl_generator_c;/home/robot/ros_workspaces/project2/firstservicepkg/build/firstservicepkg/rosidl_generator_py
[10.571s] -- Configured cppcheck exclude dirs and/or files: 
[10.798s] -- Added test 'cpplint' to check C / C++ code against the Google style
[10.799s] -- Configured cpplint exclude dirs and/or files: 
[11.024s] -- Added test 'uncrustify' to check C / C++ code style
[11.025s] -- Configured uncrustify additional arguments: 
[11.056s] -- Added test 'flake8' to check Python code syntax and style conventions
[11.087s] -- Added test 'pep257' to check Python code against some of the docstring style conventions in PEP 257
[11.144s] -- Added test 'lint_cmake' to check CMake code style
[11.175s] -- Added test 'xmllint' to check XML markup files
[11.188s] -- Configuring done
[11.580s] -- Generating done
[11.606s] -- Build files have been written to: /home/robot/ros_workspaces/project2/firstservicepkg/build/firstservicepkg
[11.782s] [35m[1mConsolidate compiler generated dependencies of target firstservicepkg__rosidl_generator_c[0m
[11.819s] [  2%] Built target firstservicepkg__cpp
[11.882s] [ 10%] Built target firstservicepkg__rosidl_generator_c
[11.908s] [35m[1mConsolidate compiler generated dependencies of target firstservicepkg__rosidl_typesupport_cpp[0m
[11.953s] [35m[1mConsolidate compiler generated dependencies of target firstservicepkg__rosidl_typesupport_fastrtps_cpp[0m
[11.965s] [35m[1mConsolidate compiler generated dependencies of target firstservicepkg__rosidl_typesupport_introspection_cpp[0m
[11.992s] [ 19%] Built target firstservicepkg__rosidl_typesupport_cpp
[12.058s] [ 27%] Built target firstservicepkg__rosidl_typesupport_fastrtps_cpp
[12.076s] [ 36%] Built target firstservicepkg__rosidl_typesupport_introspection_cpp
[12.099s] [35m[1mConsolidate compiler generated dependencies of target firstservicepkg__rosidl_typesupport_fastrtps_c[0m
[12.156s] [35m[1mConsolidate compiler generated dependencies of target firstservicepkg__rosidl_typesupport_introspection_c[0m
[12.207s] [ 44%] Built target firstservicepkg__rosidl_typesupport_fastrtps_c
[12.233s] [35m[1mConsolidate compiler generated dependencies of target firstservicepkg__rosidl_typesupport_c[0m
[12.241s] [ 44%] Built target ament_cmake_python_copy_firstservicepkg
[12.293s] [35m[1mConsolidate compiler generated dependencies of target turn_camera_service[0m
[12.327s] [35m[1mConsolidate compiler generated dependencies of target turn_camera_client[0m
[12.358s] [ 53%] Built target firstservicepkg__rosidl_typesupport_introspection_c
[12.386s] [ 61%] Built target firstservicepkg__rosidl_typesupport_c
[12.477s] [ 65%] Built target turn_camera_client
[12.478s] [35m[1mConsolidate compiler generated dependencies of target action_server[0m
[12.520s] [ 68%] [32mBuilding CXX object CMakeFiles/action_client.dir/src/action_client.cpp.o[0m
[12.539s] [ 72%] Built target turn_camera_service
[12.613s] [ 72%] Built target firstservicepkg
[12.698s] [ 76%] Built target action_server
[12.856s] [ 78%] Built target firstservicepkg__py
[12.973s] [35m[1mConsolidate compiler generated dependencies of target firstservicepkg__rosidl_generator_py[0m
[13.097s] [ 85%] Built target firstservicepkg__rosidl_generator_py
[13.225s] [35m[1mConsolidate compiler generated dependencies of target firstservicepkg__rosidl_typesupport_introspection_c__pyext[0m
[13.250s] [35m[1mConsolidate compiler generated dependencies of target firstservicepkg__rosidl_typesupport_fastrtps_c__pyext[0m
[13.357s] [ 89%] Built target firstservicepkg__rosidl_typesupport_introspection_c__pyext
[13.426s] [35m[1mConsolidate compiler generated dependencies of target firstservicepkg__rosidl_typesupport_c__pyext[0m
[13.427s] [ 93%] Built target firstservicepkg__rosidl_typesupport_fastrtps_c__pyext
[13.557s] [ 97%] Built target firstservicepkg__rosidl_typesupport_c__pyext
[14.227s] running egg_info
[14.234s] writing firstservicepkg.egg-info/PKG-INFO
[14.234s] writing dependency_links to firstservicepkg.egg-info/dependency_links.txt
[14.234s] writing top-level names to firstservicepkg.egg-info/top_level.txt
[14.249s] reading manifest file 'firstservicepkg.egg-info/SOURCES.txt'
[14.257s] writing manifest file 'firstservicepkg.egg-info/SOURCES.txt'
[14.386s] [ 97%] Built target ament_cmake_python_build_firstservicepkg_egg
[25.526s] [01m[K/home/robot/ros_workspaces/project2/firstservicepkg/src/action_client.cpp:7:9:[m[K [01;31m[Kerror: [m[Kâ€˜[01m[Kudemy_ros2_pkg[m[Kâ€™ does not name a type
[25.526s]     7 | typedef [01;31m[Kudemy_ros2_pkg[m[K::action::Navigate NavigateAction;
[25.527s]       |         [01;31m[K^~~~~~~~~~~~~~[m[K
[25.547s] [01m[K/home/robot/ros_workspaces/project2/firstservicepkg/src/action_client.cpp:8:41:[m[K [01;31m[Kerror: [m[Kâ€˜[01m[KNavigateAction[m[Kâ€™ was not declared in this scope
[25.548s]     8 | typedef rclcpp_action::ClientGoalHandle<[01;31m[KNavigateAction[m[K> GoalHandle;
[25.548s]       |                                         [01;31m[K^~~~~~~~~~~~~~[m[K
[25.549s] [01m[K/home/robot/ros_workspaces/project2/firstservicepkg/src/action_client.cpp:8:55:[m[K [01;31m[Kerror: [m[Ktemplate argument 1 is invalid
[25.550s]     8 | typedef rclcpp_action::ClientGoalHandle<NavigateAction[01;31m[K>[m[K GoalHandle;
[25.550s]       |                                                       [01;31m[K^[m[K
[25.579s] [01m[K/home/robot/ros_workspaces/project2/firstservicepkg/src/action_client.cpp:32:25:[m[K [01;31m[Kerror: [m[Kâ€˜[01m[KNavigateAction[m[Kâ€™ was not declared in this scope
[25.580s]    32 |   rclcpp_action::Client<[01;31m[KNavigateAction[m[K>::SharedPtr action_client_;
[25.580s]       |                         [01;31m[K^~~~~~~~~~~~~~[m[K
[25.581s] [01m[K/home/robot/ros_workspaces/project2/firstservicepkg/src/action_client.cpp:32:39:[m[K [01;31m[Kerror: [m[Ktemplate argument 1 is invalid
[25.581s]    32 |   rclcpp_action::Client<NavigateAction[01;31m[K>[m[K::SharedPtr action_client_;
[25.581s]       |                                       [01;31m[K^[m[K
[25.585s] [01m[K/home/robot/ros_workspaces/project2/firstservicepkg/src/action_client.cpp:32:42:[m[K [01;31m[Kerror: [m[Kexpected â€˜[01m[K;[m[Kâ€™ at end of member declaration
[25.586s]    32 |   rclcpp_action::Client<NavigateAction>::[01;31m[KSharedPtr[m[K action_client_;
[25.586s]       |                                          [01;31m[K^~~~~~~~~[m[K
[25.587s]       |                                                   [32m[K;[m[K
[25.591s] [01m[K/home/robot/ros_workspaces/project2/firstservicepkg/src/action_client.cpp:32:52:[m[K [01;31m[Kerror: [m[Kâ€˜[01m[Kaction_client_[m[Kâ€™ does not name a type; did you mean â€˜[01m[Krcl_action_client_t[m[Kâ€™?
[25.592s]    32 |   rclcpp_action::Client<NavigateAction>::SharedPtr [01;31m[Kaction_client_[m[K;
[25.592s]       |                                                    [01;31m[K^~~~~~~~~~~~~~[m[K
[25.593s]       |                                                    [32m[Krcl_action_client_t[m[K
[25.595s] [01m[K/home/robot/ros_workspaces/project2/firstservicepkg/src/action_client.cpp:75:31:[m[K [01;31m[Kerror: [m[Kâ€˜[01m[KGoalHandle[m[Kâ€™ is not a class, namespace, or enumeration
[25.595s]    75 |   void goal_response_callback([01;31m[KGoalHandle[m[K::SharedPtr future)
[25.596s]       |                               [01;31m[K^~~~~~~~~~[m[K
[25.596s] [01m[K/home/robot/ros_workspaces/project2/firstservicepkg/src/action_client.cpp:75:53:[m[K [01;31m[Kerror: [m[Kexpected â€˜[01m[K,[m[Kâ€™ or â€˜[01m[K...[m[Kâ€™ before â€˜[01m[Kfuture[m[Kâ€™
[25.597s]    75 |   void goal_response_callback(GoalHandle::SharedPtr [01;31m[Kfuture[m[K)
[25.597s]       |                                                     [01;31m[K^~~~~~[m[K
[25.598s] [01m[K/home/robot/ros_workspaces/project2/firstservicepkg/src/action_client.cpp:88:5:[m[K [01;31m[Kerror: [m[Kâ€˜[01m[KGoalHandle[m[Kâ€™ is not a class, namespace, or enumeration
[25.598s]    88 |     [01;31m[KGoalHandle[m[K::SharedPtr future,
[25.599s]       |     [01;31m[K^~~~~~~~~~[m[K
[25.599s] [01m[K/home/robot/ros_workspaces/project2/firstservicepkg/src/action_client.cpp:88:27:[m[K [01;31m[Kerror: [m[Kexpected â€˜[01m[K,[m[Kâ€™ or â€˜[01m[K...[m[Kâ€™ before â€˜[01m[Kfuture[m[Kâ€™
[25.600s]    88 |     GoalHandle::SharedPtr [01;31m[Kfuture[m[K,
[25.605s]       |                           [01;31m[K^~~~~~[m[K
[25.606s] [01m[K/home/robot/ros_workspaces/project2/firstservicepkg/src/action_client.cpp:95:56:[m[K [01;31m[Kerror: [m[Kexpected unqualified-id before â€˜[01m[K&[m[Kâ€™ token
[25.606s]    95 |   void result_callback(const GoalHandle::WrappedResult [01;31m[K&[m[K result)
[25.607s]       |                                                        [01;31m[K^[m[K
[25.607s] [01m[K/home/robot/ros_workspaces/project2/firstservicepkg/src/action_client.cpp:95:55:[m[K [01;31m[Kerror: [m[Kexpected â€˜[01m[K)[m[Kâ€™ before â€˜[01m[K&[m[Kâ€™ token
[25.608s]    95 |   void result_callback[34m[K([m[Kconst GoalHandle::WrappedResult[01;31m[K [m[K[32m[K&[m[K result)
[25.608s]       |                       [34m[K~[m[K                               [01;31m[K^[m[K[32m[K~[m[K
[25.609s]       |                                                       [32m[K)[m[K
[25.609s] [01m[K/home/robot/ros_workspaces/project2/firstservicepkg/src/action_client.cpp:95:56:[m[K [01;31m[Kerror: [m[Kexpected â€˜[01m[K;[m[Kâ€™ at end of member declaration
[25.610s]    95 |   void result_callback(const GoalHandle::WrappedResult [01;31m[K&[m[K result)
[25.610s]       |                                                        [01;31m[K^[m[K
[25.611s]       |                                                         [32m[K;[m[K
[25.611s] [01m[K/home/robot/ros_workspaces/project2/firstservicepkg/src/action_client.cpp:95:58:[m[K [01;31m[Kerror: [m[Kâ€˜[01m[Kresult[m[Kâ€™ does not name a type
[25.611s]    95 |   void result_callback(const GoalHandle::WrappedResult & [01;31m[Kresult[m[K)
[25.612s]       |                                                          [01;31m[K^~~~~~[m[K
[25.635s] [01m[K/home/robot/ros_workspaces/project2/firstservicepkg/src/action_client.cpp:[m[K In constructor â€˜[01m[KNavigateActionClientNode::NavigateActionClientNode()[m[Kâ€™:
[25.636s] [01m[K/home/robot/ros_workspaces/project2/firstservicepkg/src/action_client.cpp:17:5:[m[K [01;31m[Kerror: [m[Kâ€˜[01m[Kaction_client_[m[Kâ€™ was not declared in this scope; did you mean â€˜[01m[Krcl_action_client_t[m[Kâ€™?
[25.636s]    17 |     [01;31m[Kaction_client_[m[K = rclcpp_action::create_client<NavigateAction>(
[25.637s]       |     [01;31m[K^~~~~~~~~~~~~~[m[K
[25.637s]       |     [32m[Krcl_action_client_t[m[K
[25.667s] [01m[K/home/robot/ros_workspaces/project2/firstservicepkg/src/action_client.cpp:17:51:[m[K [01;31m[Kerror: [m[Kâ€˜[01m[KNavigateAction[m[Kâ€™ was not declared in this scope
[25.668s]    17 |     action_client_ = rclcpp_action::create_client<[01;31m[KNavigateAction[m[K>(
[25.669s]       |                                                   [01;31m[K^~~~~~~~~~~~~~[m[K
[25.671s] [01m[K/home/robot/ros_workspaces/project2/firstservicepkg/src/action_client.cpp:17:66:[m[K [01;31m[Kerror: [m[Kno matching function for call to â€˜[01m[Kcreate_client<<expression error> >(NavigateActionClientNode*, const char [9])[m[Kâ€™
[25.671s]    17 |     action_client_ = [01;31m[Krclcpp_action::create_client<NavigateAction>([m[K
[25.672s]       |                      [01;31m[K~~~~~~~~~~~~~~~~~~~~~~~~~~~~~~~~~~~~~~~~~~~~^[m[K
[25.672s]    18 | [01;31m[K      this,[m[K
[25.673s]       |       [01;31m[K~~~~~[m[K                                                       
[25.674s]    19 | [01;31m[K      "navigate")[m[K;
[25.674s]       |       [01;31m[K~~~~~~~~~~~[m[K                                                 
[25.675s] In file included from [01m[K/opt/ros/humble/include/rclcpp_action/rclcpp_action/rclcpp_action.hpp:38[m[K,
[25.675s]                  from [01m[K/home/robot/ros_workspaces/project2/firstservicepkg/src/action_client.cpp:2[m[K:
[25.676s] [01m[K/opt/ros/humble/include/rclcpp_action/rclcpp_action/create_client.hpp:44:1:[m[K [01;36m[Knote: [m[Kcandidate: â€˜[01m[Ktemplate<class ActionT> typename rclcpp_action::Client<ActionT>::SharedPtr rclcpp_action::create_client(rclcpp::node_interfaces::NodeBaseInterface::SharedPtr, rclcpp::node_interfaces::NodeGraphInterface::SharedPtr, rclcpp::node_interfaces::NodeLoggingInterface::SharedPtr, rclcpp::node_interfaces::NodeWaitablesInterface::SharedPtr, const string&, rclcpp::CallbackGroup::SharedPtr, const rcl_action_client_options_t&)[m[Kâ€™
[25.676s]    44 | [01;36m[Kcreate_client[m[K(
[25.676s]       | [01;36m[K^~~~~~~~~~~~~[m[K
[25.677s] [01m[K/opt/ros/humble/include/rclcpp_action/rclcpp_action/create_client.hpp:44:1:[m[K [01;36m[Knote: [m[K  template argument deduction/substitution failed:
[25.677s] [01m[K/home/robot/ros_workspaces/project2/firstservicepkg/src/action_client.cpp:17:66:[m[K [01;31m[Kerror: [m[Ktemplate argument 1 is invalid
[25.678s]    17 |     action_client_ = [01;31m[Krclcpp_action::create_client<NavigateAction>([m[K
[25.678s]       |                      [01;31m[K~~~~~~~~~~~~~~~~~~~~~~~~~~~~~~~~~~~~~~~~~~~~^[m[K
[25.679s]    18 | [01;31m[K      this,[m[K
[25.679s]       |       [01;31m[K~~~~~[m[K                                                       
[25.680s]    19 | [01;31m[K      "navigate")[m[K;
[25.680s]       |       [01;31m[K~~~~~~~~~~~[m[K                                                 
[25.680s] In file included from [01m[K/opt/ros/humble/include/rclcpp_action/rclcpp_action/rclcpp_action.hpp:38[m[K,
[25.689s]                  from [01m[K/home/robot/ros_workspaces/project2/firstservicepkg/src/action_client.cpp:2[m[K:
[25.690s] [01m[K/opt/ros/humble/include/rclcpp_action/rclcpp_action/create_client.hpp:105:1:[m[K [01;36m[Knote: [m[Kcandidate: â€˜[01m[Ktemplate<class ActionT, class NodeT> typename rclcpp_action::Client<ActionT>::SharedPtr rclcpp_action::create_client(NodeT, const string&, rclcpp::CallbackGroup::SharedPtr, const rcl_action_client_options_t&)[m[Kâ€™
[25.690s]   105 | [01;36m[Kcreate_client[m[K(
[25.691s]       | [01;36m[K^~~~~~~~~~~~~[m[K
[25.691s] [01m[K/opt/ros/humble/include/rclcpp_action/rclcpp_action/create_client.hpp:105:1:[m[K [01;36m[Knote: [m[K  template argument deduction/substitution failed:
[25.691s] [01m[K/home/robot/ros_workspaces/project2/firstservicepkg/src/action_client.cpp:17:66:[m[K [01;31m[Kerror: [m[Ktemplate argument 1 is invalid
[25.692s]    17 |     action_client_ = [01;31m[Krclcpp_action::create_client<NavigateAction>([m[K
[25.692s]       |                      [01;31m[K~~~~~~~~~~~~~~~~~~~~~~~~~~~~~~~~~~~~~~~~~~~~^[m[K
[25.693s]    18 | [01;31m[K      this,[m[K
[25.693s]       |       [01;31m[K~~~~~[m[K                                                       
[25.694s]    19 | [01;31m[K      "navigate")[m[K;
[25.694s]       |       [01;31m[K~~~~~~~~~~~[m[K                                                 
[25.695s] [01m[K/home/robot/ros_workspaces/project2/firstservicepkg/src/action_client.cpp:[m[K In member function â€˜[01m[Kvoid NavigateActionClientNode::prompt_user_for_goal()[m[Kâ€™:
[25.695s] [01m[K/home/robot/ros_workspaces/project2/firstservicepkg/src/action_client.cpp:46:21:[m[K [01;31m[Kerror: [m[Kâ€˜[01m[KNavigateAction[m[Kâ€™ has not been declared
[25.695s]    46 |     auto goal_msg = [01;31m[KNavigateAction[m[K::Goal();
[25.696s]       |                     [01;31m[K^~~~~~~~~~~~~~[m[K
[25.696s] [01m[K/home/robot/ros_workspaces/project2/firstservicepkg/src/action_client.cpp:58:11:[m[K [01;31m[Kerror: [m[Kâ€˜[01m[Kclass NavigateActionClientNode[m[Kâ€™ has no member named â€˜[01m[Kaction_client_[m[Kâ€™
[25.697s]    58 |     this->[01;31m[Kaction_client_[m[K->wait_for_action_server();
[25.697s]       |           [01;31m[K^~~~~~~~~~~~~~[m[K
[25.709s] [01m[K/home/robot/ros_workspaces/project2/firstservicepkg/src/action_client.cpp:63:52:[m[K [01;31m[Kerror: [m[Kâ€˜[01m[KNavigateAction[m[Kâ€™ was not declared in this scope
[25.710s]    63 |     auto send_goal_options = rclcpp_action::Client<[01;31m[KNavigateAction[m[K>::SendGoalOptions();
[25.710s]       |                                                    [01;31m[K^~~~~~~~~~~~~~[m[K
[25.711s] [01m[K/home/robot/ros_workspaces/project2/firstservicepkg/src/action_client.cpp:63:66:[m[K [01;31m[Kerror: [m[Ktemplate argument 1 is invalid
[25.712s]    63 |     auto send_goal_options = rclcpp_action::Client<NavigateAction[01;31m[K>[m[K::SendGoalOptions();
[25.712s]       |                                                                  [01;31m[K^[m[K
[25.735s] In file included from [01m[K/usr/include/c++/11/pstl/glue_algorithm_defs.h:13[m[K,
[25.736s]                  from [01m[K/usr/include/c++/11/algorithm:74[m[K,
[25.736s]                  from [01m[K/opt/ros/humble/include/rclcpp/rclcpp/executor.hpp:18[m[K,
[25.737s]                  from [01m[K/opt/ros/humble/include/rclcpp/rclcpp/executors/multi_threaded_executor.hpp:25[m[K,
[25.737s]                  from [01m[K/opt/ros/humble/include/rclcpp/rclcpp/executors.hpp:21[m[K,
[25.738s]                  from [01m[K/opt/ros/humble/include/rclcpp/rclcpp/rclcpp.hpp:155[m[K,
[25.738s]                  from [01m[K/home/robot/ros_workspaces/project2/firstservicepkg/src/action_client.cpp:1[m[K:
[25.739s] /usr/include/c++/11/functional: In instantiation of â€˜[01m[Kstruct std::_Bind_check_arity<void (NavigateActionClientNode::*)(int), NavigateActionClientNode*, const std::_Placeholder<1>&, const std::_Placeholder<2>&>[m[Kâ€™:
[25.739s] [01m[K/usr/include/c++/11/functional:768:12:[m[K   required from â€˜[01m[Kstruct std::_Bind_helper<false, void (NavigateActionClientNode::*)(int), NavigateActionClientNode*, const std::_Placeholder<1>&, const std::_Placeholder<2>&>[m[Kâ€™
[25.740s] [01m[K/usr/include/c++/11/functional:789:5:[m[K   required by substitution of â€˜[01m[Ktemplate<class _Func, class ... _BoundArgs> typename std::_Bind_helper<std::__is_socketlike<_Func>::value, _Func, _BoundArgs ...>::type std::bind(_Func&&, _BoundArgs&& ...) [with _Func = void (NavigateActionClientNode::*)(int); _BoundArgs = {NavigateActionClientNode*, const std::_Placeholder<1>&, const std::_Placeholder<2>&}][m[Kâ€™
[25.740s] [01m[K/home/robot/ros_workspaces/project2/firstservicepkg/src/action_client.cpp:68:16:[m[K   required from here
[25.744s] [01m[K/usr/include/c++/11/functional:756:21:[m[K [01;31m[Kerror: [m[Kstatic assertion failed: Wrong number of arguments for pointer-to-member
[25.744s]   755 |       static_assert(_Varargs::[01;31m[Kvalue[m[K
[25.745s]       |                               [01;31m[K~~~~~[m[K
[25.745s]   756 | [01;31m[K                    ? sizeof...(_BoundArgs) >= _Arity::value + 1[m[K
[25.746s]       |                     [01;31m[K^~~~~~~~~~~~~~~~~~~~~~~~~~~~~~~~~~~~~~~~~~~~[m[K
[25.746s]   757 | [01;31m[K                    : sizeof...(_BoundArgs) == _Arity::value + 1[m[K,
[25.747s]       |                     [01;31m[K~~~~~~~~~~~~~~~~~~~~~~~~~~~~~~~~~~~~~~~~~~~~[m[K
[25.747s] [01m[K/usr/include/c++/11/functional:756:21:[m[K [01;36m[Knote: [m[Kâ€˜[01m[K(false ? (3 >= (((long unsigned int)std::integral_constant<long unsigned int, 1>::value) + 1)) : (3 == (((long unsigned int)std::integral_constant<long unsigned int, 1>::value) + 1)))[m[Kâ€™ evaluates to false
[25.769s] [01m[K/home/robot/ros_workspaces/project2/firstservicepkg/src/action_client.cpp:72:11:[m[K [01;31m[Kerror: [m[Kâ€˜[01m[Kclass NavigateActionClientNode[m[Kâ€™ has no member named â€˜[01m[Kaction_client_[m[Kâ€™
[25.770s]    72 |     this->[01;31m[Kaction_client_[m[K->async_send_goal(goal_msg, send_goal_options);
[25.771s]       |           [01;31m[K^~~~~~~~~~~~~~[m[K
[25.772s] [01m[K/home/robot/ros_workspaces/project2/firstservicepkg/src/action_client.cpp:[m[K In member function â€˜[01m[Kvoid NavigateActionClientNode::goal_response_callback(int)[m[Kâ€™:
[25.772s] [01m[K/home/robot/ros_workspaces/project2/firstservicepkg/src/action_client.cpp:77:24:[m[K [01;31m[Kerror: [m[Kâ€˜[01m[Kfuture[m[Kâ€™ was not declared in this scope; did you mean â€˜[01m[Kstd::future[m[Kâ€™?
[25.773s]    77 |     auto goal_handle = [01;31m[Kfuture[m[K.get();
[25.774s]       |                        [01;31m[K^~~~~~[m[K
[25.774s]       |                        [32m[Kstd::future[m[K
[25.781s] In file included from [01m[K/opt/ros/humble/include/rclcpp/rclcpp/executors.hpp:18[m[K,
[25.782s]                  from [01m[K/opt/ros/humble/include/rclcpp/rclcpp/rclcpp.hpp:155[m[K,
[25.782s]                  from [01m[K/home/robot/ros_workspaces/project2/firstservicepkg/src/action_client.cpp:1[m[K:
[25.783s] [01m[K/usr/include/c++/11/future:124:11:[m[K [01;36m[Knote: [m[Kâ€˜[01m[Kstd::future[m[Kâ€™ declared here
[25.784s]   124 |     class [01;36m[Kfuture[m[K;
[25.784s]       |           [01;36m[K^~~~~~[m[K
[25.785s] [01m[K/home/robot/ros_workspaces/project2/firstservicepkg/src/action_client.cpp:75:43:[m[K [01;35m[Kwarning: [m[Kunused parameter â€˜[01m[KSharedPtr[m[Kâ€™ [[01;35m[K]8;;https://gcc.gnu.org/onlinedocs/gcc/Warning-Options.html#index-Wunused-parameter-Wunused-parameter]8;;[m[K]
[25.785s]    75 |   void goal_response_callback([01;35m[KGoalHandle::SharedPtr[m[K future)
[25.786s]       |                               [01;35m[K~~~~~~~~~~~~^~~~~~~~~[m[K
[25.786s] [01m[K/home/robot/ros_workspaces/project2/firstservicepkg/src/action_client.cpp:[m[K In member function â€˜[01m[Kvoid NavigateActionClientNode::feedback_callback(int)[m[Kâ€™:
[25.786s] [01m[K/home/robot/ros_workspaces/project2/firstservicepkg/src/action_client.cpp:91:11:[m[K [01;31m[Kerror: [m[Kâ€˜[01m[Kfuture[m[Kâ€™ was not declared in this scope; did you mean â€˜[01m[Kstd::future[m[Kâ€™?
[25.787s]    91 |     (void)[01;31m[Kfuture[m[K; // Not using right now
[25.787s]       |           [01;31m[K^~~~~~[m[K
[25.788s]       |           [32m[Kstd::future[m[K
[25.788s] In file included from [01m[K/opt/ros/humble/include/rclcpp/rclcpp/executors.hpp:18[m[K,
[25.788s]                  from [01m[K/opt/ros/humble/include/rclcpp/rclcpp/rclcpp.hpp:155[m[K,
[25.789s]                  from [01m[K/home/robot/ros_workspaces/project2/firstservicepkg/src/action_client.cpp:1[m[K:
[25.789s] [01m[K/usr/include/c++/11/future:124:11:[m[K [01;36m[Knote: [m[Kâ€˜[01m[Kstd::future[m[Kâ€™ declared here
[25.790s]   124 |     class [01;36m[Kfuture[m[K;
[25.790s]       |           [01;36m[K^~~~~~[m[K
[25.802s] [01m[K/home/robot/ros_workspaces/project2/firstservicepkg/src/action_client.cpp:92:34:[m[K [01;31m[Kerror: [m[Kâ€˜[01m[Kfeedback[m[Kâ€™ was not declared in this scope
[25.802s]    92 |     std::cout << "Feedback: " << [01;31m[Kfeedback[m[K->distance_to_point << std::endl;
[25.803s]       |                                  [01;31m[K^~~~~~~~[m[K
[25.803s] [01m[K/home/robot/ros_workspaces/project2/firstservicepkg/src/action_client.cpp:88:17:[m[K [01;35m[Kwarning: [m[Kunused parameter â€˜[01m[KSharedPtr[m[Kâ€™ [[01;35m[K]8;;https://gcc.gnu.org/onlinedocs/gcc/Warning-Options.html#index-Wunused-parameter-Wunused-parameter]8;;[m[K]
[25.804s]    88 |     [01;35m[KGoalHandle::SharedPtr[m[K future,
[25.804s]       |     [01;35m[K~~~~~~~~~~~~^~~~~~~~~[m[K
[27.848s] gmake[2]: *** [CMakeFiles/action_client.dir/build.make:76: CMakeFiles/action_client.dir/src/action_client.cpp.o] Error 1
[27.849s] gmake[1]: *** [CMakeFiles/Makefile2:680: CMakeFiles/action_client.dir/all] Error 2
[27.851s] gmake: *** [Makefile:146: all] Error 2
[27.861s] Invoked command in '/home/robot/ros_workspaces/project2/firstservicepkg/build/firstservicepkg' returned '2': CMAKE_PREFIX_PATH=${CMAKE_PREFIX_PATH}:/opt/ros/humble /usr/bin/cmake --build /home/robot/ros_workspaces/project2/firstservicepkg/build/firstservicepkg -- -j4 -l4
