[  2%] Built target firstservicepkg__cpp
[ 11%] Built target firstservicepkg__rosidl_generator_c
[ 11%] Built target ament_cmake_python_copy_firstservicepkg
[ 20%] Built target firstservicepkg__rosidl_typesupport_introspection_c
[ 28%] Built target firstservicepkg__rosidl_typesupport_fastrtps_c
[ 37%] Built target firstservicepkg__rosidl_typesupport_c
[ 46%] Built target firstservicepkg__rosidl_typesupport_introspection_cpp
[ 55%] Built target firstservicepkg__rosidl_typesupport_cpp
[ 64%] Built target firstservicepkg__rosidl_typesupport_fastrtps_cpp
[35m[1mConsolidate compiler generated dependencies of target action_server[0m
[ 68%] Built target turn_camera_client
[ 73%] Built target turn_camera_service
[ 75%] [32mBuilding CXX object CMakeFiles/action_server.dir/src/action_server.cpp.o[0m
[ 75%] Built target firstservicepkg
[ 77%] Built target firstservicepkg__py
[ 84%] Built target firstservicepkg__rosidl_generator_py
[ 88%] Built target firstservicepkg__rosidl_typesupport_introspection_c__pyext
[ 93%] Built target firstservicepkg__rosidl_typesupport_fastrtps_c__pyext
[ 97%] Built target firstservicepkg__rosidl_typesupport_c__pyext
running egg_info
writing firstservicepkg.egg-info/PKG-INFO
writing dependency_links to firstservicepkg.egg-info/dependency_links.txt
writing top-level names to firstservicepkg.egg-info/top_level.txt
reading manifest file 'firstservicepkg.egg-info/SOURCES.txt'
writing manifest file 'firstservicepkg.egg-info/SOURCES.txt'
[ 97%] Built target ament_cmake_python_build_firstservicepkg_egg
[01m[K/home/robot/ros_workspaces/project2/firstservicepkg/src/action_server.cpp:[m[K In member function â€˜[01m[Krclcpp_action::CancelResponse NavigateActionServerNode::handle_cancel(std::shared_ptr<rclcpp_action::ServerGoalHandle<firstservicepkg::action::Navigate> >)[m[Kâ€™:
[01m[K/home/robot/ros_workspaces/project2/firstservicepkg/src/action_server.cpp:34:25:[m[K [01;35m[Kwarning: [m[Kunnecessary parentheses in declaration of â€˜[01m[Kgoal_handle[m[Kâ€™ [[01;35m[K]8;;https://gcc.gnu.org/onlinedocs/gcc/Warning-Options.html#index-Wparentheses-Wparentheses]8;;[m[K]
   34 |                     void[01;35m[K(goal_handle)[m[K;
      |                         [01;35m[K^~~~~~~~~~~~~[m[K
[01m[K/home/robot/ros_workspaces/project2/firstservicepkg/src/action_server.cpp:34:25:[m[K [01;36m[Knote: [m[Kremove parentheses
   34 |                     void[01;36m[K(goal_handle)[m[K;
      |                         [01;36m[K^~~~~~~~~~~~~[m[K
      |                         [31m[K-[m[K           [31m[K-[m[K
[01m[K/home/robot/ros_workspaces/project2/firstservicepkg/src/action_server.cpp:34:26:[m[K [01;31m[Kerror: [m[Kvariable or field â€˜[01m[Kgoal_handle[m[Kâ€™ declared void
   34 |                     void([01;31m[Kgoal_handle[m[K);
      |                          [01;31m[K^~~~~~~~~~~[m[K
[01m[K/home/robot/ros_workspaces/project2/firstservicepkg/src/action_server.cpp:33:51:[m[K [01;35m[Kwarning: [m[Kunused parameter â€˜[01m[Kgoal_handle[m[Kâ€™ [[01;35m[K]8;;https://gcc.gnu.org/onlinedocs/gcc/Warning-Options.html#index-Wunused-parameter-Wunused-parameter]8;;[m[K]
   33 |                 [01;35m[Kconst std::shared_ptr<GoalHandle> goal_handle[m[K){
      |                 [01;35m[K~~~~~~~~~~~~~~~~~~~~~~~~~~~~~~~~~~^~~~~~~~~~~[m[K
gmake[2]: *** [CMakeFiles/action_server.dir/build.make:76: CMakeFiles/action_server.dir/src/action_server.cpp.o] Error 1
gmake[1]: *** [CMakeFiles/Makefile2:651: CMakeFiles/action_server.dir/all] Error 2
gmake: *** [Makefile:146: all] Error 2
