[0.051s] Invoking command in '/home/robot/ros_workspaces/project2/firstservicepkg/build/firstservicepkg': CMAKE_PREFIX_PATH=/opt/ros/humble /usr/bin/cmake --build /home/robot/ros_workspaces/project2/firstservicepkg/build/firstservicepkg -- -j4 -l4
[0.278s] [  2%] Built target firstservicepkg__cpp
[0.286s] [ 11%] Built target firstservicepkg__rosidl_generator_c
[0.342s] [ 11%] Built target ament_cmake_python_copy_firstservicepkg
[0.424s] [ 20%] Built target firstservicepkg__rosidl_typesupport_introspection_c
[0.426s] [ 28%] Built target firstservicepkg__rosidl_typesupport_fastrtps_c
[0.453s] [ 37%] Built target firstservicepkg__rosidl_typesupport_c
[0.504s] [ 46%] Built target firstservicepkg__rosidl_typesupport_introspection_cpp
[0.557s] [ 55%] Built target firstservicepkg__rosidl_typesupport_cpp
[0.617s] [ 64%] Built target firstservicepkg__rosidl_typesupport_fastrtps_cpp
[0.674s] [35m[1mConsolidate compiler generated dependencies of target action_server[0m
[0.758s] [ 68%] Built target turn_camera_client
[0.768s] [ 73%] Built target turn_camera_service
[0.846s] [ 75%] [32mBuilding CXX object CMakeFiles/action_server.dir/src/action_server.cpp.o[0m
[0.872s] [ 75%] Built target firstservicepkg
[1.036s] [ 77%] Built target firstservicepkg__py
[1.169s] [ 84%] Built target firstservicepkg__rosidl_generator_py
[1.341s] [ 88%] Built target firstservicepkg__rosidl_typesupport_introspection_c__pyext
[1.366s] [ 93%] Built target firstservicepkg__rosidl_typesupport_fastrtps_c__pyext
[1.535s] [ 97%] Built target firstservicepkg__rosidl_typesupport_c__pyext
[1.964s] running egg_info
[1.968s] writing firstservicepkg.egg-info/PKG-INFO
[1.969s] writing dependency_links to firstservicepkg.egg-info/dependency_links.txt
[1.970s] writing top-level names to firstservicepkg.egg-info/top_level.txt
[1.986s] reading manifest file 'firstservicepkg.egg-info/SOURCES.txt'
[1.986s] writing manifest file 'firstservicepkg.egg-info/SOURCES.txt'
[2.110s] [ 97%] Built target ament_cmake_python_build_firstservicepkg_egg
[13.227s] [01m[K/home/robot/ros_workspaces/project2/firstservicepkg/src/action_server.cpp:[m[K In member function â€˜[01m[Krclcpp_action::CancelResponse NavigateActionServerNode::handle_cancel(std::shared_ptr<rclcpp_action::ServerGoalHandle<firstservicepkg::action::Navigate> >)[m[Kâ€™:
[13.228s] [01m[K/home/robot/ros_workspaces/project2/firstservicepkg/src/action_server.cpp:34:25:[m[K [01;35m[Kwarning: [m[Kunnecessary parentheses in declaration of â€˜[01m[Kgoal_handle[m[Kâ€™ [[01;35m[K]8;;https://gcc.gnu.org/onlinedocs/gcc/Warning-Options.html#index-Wparentheses-Wparentheses]8;;[m[K]
[13.229s]    34 |                     void[01;35m[K(goal_handle)[m[K;
[13.230s]       |                         [01;35m[K^~~~~~~~~~~~~[m[K
[13.230s] [01m[K/home/robot/ros_workspaces/project2/firstservicepkg/src/action_server.cpp:34:25:[m[K [01;36m[Knote: [m[Kremove parentheses
[13.231s]    34 |                     void[01;36m[K(goal_handle)[m[K;
[13.231s]       |                         [01;36m[K^~~~~~~~~~~~~[m[K
[13.232s]       |                         [31m[K-[m[K           [31m[K-[m[K
[13.232s] [01m[K/home/robot/ros_workspaces/project2/firstservicepkg/src/action_server.cpp:34:26:[m[K [01;31m[Kerror: [m[Kvariable or field â€˜[01m[Kgoal_handle[m[Kâ€™ declared void
[13.233s]    34 |                     void([01;31m[Kgoal_handle[m[K);
[13.233s]       |                          [01;31m[K^~~~~~~~~~~[m[K
[13.234s] [01m[K/home/robot/ros_workspaces/project2/firstservicepkg/src/action_server.cpp:33:51:[m[K [01;35m[Kwarning: [m[Kunused parameter â€˜[01m[Kgoal_handle[m[Kâ€™ [[01;35m[K]8;;https://gcc.gnu.org/onlinedocs/gcc/Warning-Options.html#index-Wunused-parameter-Wunused-parameter]8;;[m[K]
[13.234s]    33 |                 [01;35m[Kconst std::shared_ptr<GoalHandle> goal_handle[m[K){
[13.236s]       |                 [01;35m[K~~~~~~~~~~~~~~~~~~~~~~~~~~~~~~~~~~^~~~~~~~~~~[m[K
[24.576s] gmake[2]: *** [CMakeFiles/action_server.dir/build.make:76: CMakeFiles/action_server.dir/src/action_server.cpp.o] Error 1
[24.577s] gmake[1]: *** [CMakeFiles/Makefile2:651: CMakeFiles/action_server.dir/all] Error 2
[24.578s] gmake: *** [Makefile:146: all] Error 2
[24.584s] Invoked command in '/home/robot/ros_workspaces/project2/firstservicepkg/build/firstservicepkg' returned '2': CMAKE_PREFIX_PATH=/opt/ros/humble /usr/bin/cmake --build /home/robot/ros_workspaces/project2/firstservicepkg/build/firstservicepkg -- -j4 -l4
