[0.061s] Invoking command in '/home/robot/ros_workspaces/first_project/src/rpm_speed_calc/build/rpm_speed_calc': CMAKE_PREFIX_PATH=${CMAKE_PREFIX_PATH}:/opt/ros/humble /usr/bin/cmake --build /home/robot/ros_workspaces/first_project/src/rpm_speed_calc/build/rpm_speed_calc -- -j4 -l4
[0.252s] [35m[1mConsolidate compiler generated dependencies of target publishrmp[0m
[0.286s] [35m[1mConsolidate compiler generated dependencies of target subscriber[0m
[0.320s] [35m[1mConsolidate compiler generated dependencies of target publishspeed[0m
[0.417s] [ 16%] [32mBuilding CXX object CMakeFiles/subscriber.dir/src/subscriber.cpp.o[0m
[0.468s] [ 33%] [32mBuilding CXX object CMakeFiles/publishrmp.dir/src/publishrmp.cpp.o[0m
[0.477s] [ 50%] [32mBuilding CXX object CMakeFiles/publishspeed.dir/src/publishspeed.cpp.o[0m
[17.418s] [01m[K/home/robot/ros_workspaces/first_project/src/rpm_speed_calc/src/subscriber.cpp:24:45:[m[K [01;31m[Kerror: [m[Kâ€˜[01m[KString[m[Kâ€™ is not a member of â€˜[01m[Kstd_msgs::msg[m[Kâ€™
[17.419s]    24 |         rclcpp::Subscription<std_msgs::msg::[01;31m[KString[m[K> ::SharedPtr Subscription;
[17.420s]       |                                             [01;31m[K^~~~~~[m[K
[17.420s] [01m[K/home/robot/ros_workspaces/first_project/src/rpm_speed_calc/src/subscriber.cpp:24:51:[m[K [01;31m[Kerror: [m[Ktemplate argument 1 is invalid
[17.420s]    24 |         rclcpp::Subscription<std_msgs::msg::String[01;31m[K>[m[K ::SharedPtr Subscription;
[17.421s]       |                                                   [01;31m[K^[m[K
[17.421s] [01m[K/home/robot/ros_workspaces/first_project/src/rpm_speed_calc/src/subscriber.cpp:24:51:[m[K [01;31m[Kerror: [m[Ktemplate argument 3 is invalid
[17.421s] [01m[K/home/robot/ros_workspaces/first_project/src/rpm_speed_calc/src/subscriber.cpp:24:51:[m[K [01;31m[Kerror: [m[Ktemplate argument 4 is invalid
[17.422s] [01m[K/home/robot/ros_workspaces/first_project/src/rpm_speed_calc/src/subscriber.cpp:24:51:[m[K [01;31m[Kerror: [m[Ktemplate argument 5 is invalid
[17.428s] [01m[K/home/robot/ros_workspaces/first_project/src/rpm_speed_calc/src/subscriber.cpp:24:55:[m[K [01;31m[Kerror: [m[Kexpected â€˜[01m[K;[m[Kâ€™ at end of member declaration
[17.429s]    24 |         rclcpp::Subscription<std_msgs::msg::String> ::[01;31m[KSharedPtr[m[K Subscription;
[17.429s]       |                                                       [01;31m[K^~~~~~~~~[m[K
[17.430s]       |                                                                [32m[K;[m[K
[17.430s] [01m[K/home/robot/ros_workspaces/first_project/src/rpm_speed_calc/src/subscriber.cpp:24:65:[m[K [01;31m[Kerror: [m[Kâ€˜[01m[KSubscription[m[Kâ€™ does not name a type
[17.432s]    24 |         rclcpp::Subscription<std_msgs::msg::String> ::SharedPtr [01;31m[KSubscription[m[K;
[17.432s]       |                                                                 [01;31m[K^~~~~~~~~~~~[m[K
[17.441s] [01m[K/home/robot/ros_workspaces/first_project/src/rpm_speed_calc/src/subscriber.cpp:[m[K In constructor â€˜[01m[KHelloWorldSubNode::HelloWorldSubNode()[m[Kâ€™:
[17.442s] [01m[K/home/robot/ros_workspaces/first_project/src/rpm_speed_calc/src/subscriber.cpp:9:9:[m[K [01;31m[Kerror: [m[Kâ€˜[01m[KSubscription[m[Kâ€™ was not declared in this scope
[17.443s]     9 |         [01;31m[KSubscription[m[K = this->create_subscription<std_msgs::msg::Float64>(
[17.443s]       |         [01;31m[K^~~~~~~~~~~~[m[K
[17.444s] [01m[K/home/robot/ros_workspaces/first_project/src/rpm_speed_calc/src/subscriber.cpp:9:9:[m[K [01;36m[Knote: [m[Ksuggested alternatives:
[17.444s] In file included from [01m[K/opt/ros/humble/include/rclcpp/rclcpp/any_executable.hpp:25[m[K,
[17.445s]                  from [01m[K/opt/ros/humble/include/rclcpp/rclcpp/memory_strategy.hpp:25[m[K,
[17.445s]                  from [01m[K/opt/ros/humble/include/rclcpp/rclcpp/memory_strategies.hpp:18[m[K,
[17.446s]                  from [01m[K/opt/ros/humble/include/rclcpp/rclcpp/executor_options.hpp:20[m[K,
[17.446s]                  from [01m[K/opt/ros/humble/include/rclcpp/rclcpp/executor.hpp:37[m[K,
[17.447s]                  from [01m[K/opt/ros/humble/include/rclcpp/rclcpp/executors/multi_threaded_executor.hpp:25[m[K,
[17.447s]                  from [01m[K/opt/ros/humble/include/rclcpp/rclcpp/executors.hpp:21[m[K,
[17.448s]                  from [01m[K/opt/ros/humble/include/rclcpp/rclcpp/rclcpp.hpp:155[m[K,
[17.449s]                  from [01m[K/home/robot/ros_workspaces/first_project/src/rpm_speed_calc/src/subscriber.cpp:1[m[K:
[17.449s] [01m[K/opt/ros/humble/include/rclcpp/rclcpp/subscription.hpp:75:7:[m[K [01;36m[Knote: [m[K  â€˜[01m[Krclcpp::Subscription[m[Kâ€™
[17.450s]    75 | class [01;36m[KSubscription[m[K : public SubscriptionBase
[17.450s]       |       [01;36m[K^~~~~~~~~~~~[m[K
[17.451s] In file included from [01m[K/opt/ros/humble/include/rclcpp/rclcpp/client.hpp:42[m[K,
[17.464s]                  from [01m[K/opt/ros/humble/include/rclcpp/rclcpp/callback_group.hpp:24[m[K,
[17.465s]                  from [01m[K/opt/ros/humble/include/rclcpp/rclcpp/any_executable.hpp:20[m[K,
[17.465s]                  from [01m[K/opt/ros/humble/include/rclcpp/rclcpp/memory_strategy.hpp:25[m[K,
[17.466s]                  from [01m[K/opt/ros/humble/include/rclcpp/rclcpp/memory_strategies.hpp:18[m[K,
[17.466s]                  from [01m[K/opt/ros/humble/include/rclcpp/rclcpp/executor_options.hpp:20[m[K,
[17.467s]                  from [01m[K/opt/ros/humble/include/rclcpp/rclcpp/executor.hpp:37[m[K,
[17.468s]                  from [01m[K/opt/ros/humble/include/rclcpp/rclcpp/executors/multi_threaded_executor.hpp:25[m[K,
[17.468s]                  from [01m[K/opt/ros/humble/include/rclcpp/rclcpp/executors.hpp:21[m[K,
[17.469s]                  from [01m[K/opt/ros/humble/include/rclcpp/rclcpp/rclcpp.hpp:155[m[K,
[17.469s]                  from [01m[K/home/robot/ros_workspaces/first_project/src/rpm_speed_calc/src/subscriber.cpp:1[m[K:
[17.469s] [01m[K/opt/ros/humble/include/rclcpp/rclcpp/node_interfaces/node_graph_interface.hpp:42:3:[m[K [01;36m[Knote: [m[K  â€˜[01m[Krclcpp::EndpointType::Subscription[m[Kâ€™
[17.470s]    42 |   [01;36m[KSubscription[m[K = RMW_ENDPOINT_SUBSCRIPTION
[17.470s]       |   [01;36m[K^~~~~~~~~~~~[m[K
[18.192s] [01m[K/home/robot/ros_workspaces/first_project/src/rpm_speed_calc/src/publishspeed.cpp:[m[K In constructor â€˜[01m[KSPEEDNODE::SPEEDNODE()[m[Kâ€™:
[18.193s] [01m[K/home/robot/ros_workspaces/first_project/src/rpm_speed_calc/src/publishspeed.cpp:15:46:[m[K [01;31m[Kerror: [m[Kâ€˜[01m[Kget_rpm[m[Kâ€™ is not a member of â€˜[01m[KSPEEDNODE[m[Kâ€™
[18.193s]    15 |             "RPM", 10, std::bind(&SPEEDNODE::[01;31m[Kget_rpm[m[K,this,std::placeholders::_1)
[18.194s]       |                                              [01;31m[K^~~~~~~[m[K
[18.228s] [01m[K/home/robot/ros_workspaces/first_project/src/rpm_speed_calc/src/publishspeed.cpp:[m[K In member function â€˜[01m[Kvoid SPEEDNODE::publish_rpm(const Float64&)[m[Kâ€™:
[18.229s] [01m[K/home/robot/ros_workspaces/first_project/src/rpm_speed_calc/src/publishspeed.cpp:27:28:[m[K [01;31m[Kerror: [m[Kno match for â€˜[01m[Koperator*[m[Kâ€™ (operand types are â€˜[01m[Kconst Float64[m[Kâ€™ {aka â€˜[01m[Kconst std_msgs::msg::Float64_<std::allocator<void> >[m[Kâ€™} and â€˜[01m[Kint[m[Kâ€™)
[18.229s]    27 |                 speed = [32m[Kmsg[m[K[01;31m[K*[m[K[34m[K10[m[K;
[18.230s]       |                         [32m[K~~~[m[K[01;31m[K^[m[K[34m[K~~[m[K
[18.230s]       |                         [32m[K|[m[K   [34m[K|[m[K
[18.231s]       |                         [32m[K|[m[K   [34m[Kint[m[K
[18.235s]       |                         [32m[Kconst Float64 {aka const std_msgs::msg::Float64_<std::allocator<void> >}[m[K
[23.810s] gmake[2]: *** [CMakeFiles/publishspeed.dir/build.make:76: CMakeFiles/publishspeed.dir/src/publishspeed.cpp.o] Error 1
[23.811s] gmake[1]: *** [CMakeFiles/Makefile2:193: CMakeFiles/publishspeed.dir/all] Error 2
[23.811s] gmake[1]: *** Waiting for unfinished jobs....
[29.447s] [ 66%] [32m[1mLinking CXX executable publishrmp[0m
[30.119s] gmake[2]: *** [CMakeFiles/subscriber.dir/build.make:76: CMakeFiles/subscriber.dir/src/subscriber.cpp.o] Error 1
[30.119s] gmake[1]: *** [CMakeFiles/Makefile2:167: CMakeFiles/subscriber.dir/all] Error 2
[30.712s] [ 66%] Built target publishrmp
[30.716s] gmake: *** [Makefile:146: all] Error 2
[30.724s] Invoked command in '/home/robot/ros_workspaces/first_project/src/rpm_speed_calc/build/rpm_speed_calc' returned '2': CMAKE_PREFIX_PATH=${CMAKE_PREFIX_PATH}:/opt/ros/humble /usr/bin/cmake --build /home/robot/ros_workspaces/first_project/src/rpm_speed_calc/build/rpm_speed_calc -- -j4 -l4
