[01m[K/home/robot/ros_workspaces/project2/firstservicepkg/src/action_server.cpp:[m[K In member function â€˜[01m[Krclcpp_action::CancelResponse NavigateActionServerNode::handle_cancel(std::shared_ptr<rclcpp_action::ServerGoalHandle<firstservicepkg::action::Navigate> >)[m[Kâ€™:
[01m[K/home/robot/ros_workspaces/project2/firstservicepkg/src/action_server.cpp:34:25:[m[K [01;35m[Kwarning: [m[Kunnecessary parentheses in declaration of â€˜[01m[Kgoal_handle[m[Kâ€™ [[01;35m[K]8;;https://gcc.gnu.org/onlinedocs/gcc/Warning-Options.html#index-Wparentheses-Wparentheses]8;;[m[K]
   34 |                     void[01;35m[K(goal_handle)[m[K;
      |                         [01;35m[K^~~~~~~~~~~~~[m[K
[01m[K/home/robot/ros_workspaces/project2/firstservicepkg/src/action_server.cpp:34:25:[m[K [01;36m[Knote: [m[Kremove parentheses
   34 |                     void[01;36m[K(goal_handle)[m[K;
      |                         [01;36m[K^~~~~~~~~~~~~[m[K
      |                         [31m[K-[m[K           [31m[K-[m[K
[01m[K/home/robot/ros_workspaces/project2/firstservicepkg/src/action_server.cpp:34:26:[m[K [01;31m[Kerror: [m[Kvariable or field â€˜[01m[Kgoal_handle[m[Kâ€™ declared void
   34 |                     void([01;31m[Kgoal_handle[m[K);
      |                          [01;31m[K^~~~~~~~~~~[m[K
[01m[K/home/robot/ros_workspaces/project2/firstservicepkg/src/action_server.cpp:33:51:[m[K [01;35m[Kwarning: [m[Kunused parameter â€˜[01m[Kgoal_handle[m[Kâ€™ [[01;35m[K]8;;https://gcc.gnu.org/onlinedocs/gcc/Warning-Options.html#index-Wunused-parameter-Wunused-parameter]8;;[m[K]
   33 |                 [01;35m[Kconst std::shared_ptr<GoalHandle> goal_handle[m[K){
      |                 [01;35m[K~~~~~~~~~~~~~~~~~~~~~~~~~~~~~~~~~~^~~~~~~~~~~[m[K
[01m[K/home/robot/ros_workspaces/project2/firstservicepkg/src/action_server.cpp:[m[K In member function â€˜[01m[Kvoid NavigateActionServerNode::execute(std::shared_ptr<rclcpp_action::ServerGoalHandle<firstservicepkg::action::Navigate> >)[m[Kâ€™:
[01m[K/home/robot/ros_workspaces/project2/firstservicepkg/src/action_server.cpp:56:63:[m[K [01;31m[Kerror: [m[Kâ€˜[01m[Kstart_time[m[Kâ€™ was not declared in this scope; did you mean â€˜[01m[Kstrptime[m[Kâ€™?
   56 |                 result->time_taken = (rclcpp::Clock().now() - [01;31m[Kstart_time[m[K).seconds();
      |                                                               [01;31m[K^~~~~~~~~~[m[K
      |                                                               [32m[Kstrptime[m[K
gmake[2]: *** [CMakeFiles/action_server.dir/build.make:76: CMakeFiles/action_server.dir/src/action_server.cpp.o] Error 1
gmake[1]: *** [CMakeFiles/Makefile2:651: CMakeFiles/action_server.dir/all] Error 2
gmake: *** [Makefile:146: all] Error 2
