[0.048s] Invoking command in '/home/robot/ros_workspaces/project2/firstservicepkg/build/firstservicepkg': CMAKE_PREFIX_PATH=/opt/ros/humble /usr/bin/cmake --build /home/robot/ros_workspaces/project2/firstservicepkg/build/firstservicepkg -- -j4 -l4
[0.270s] [  2%] Built target firstservicepkg__cpp
[0.287s] [ 11%] Built target firstservicepkg__rosidl_generator_c
[0.344s] [ 11%] Built target ament_cmake_python_copy_firstservicepkg
[0.416s] [ 20%] Built target firstservicepkg__rosidl_typesupport_cpp
[0.426s] [ 28%] Built target firstservicepkg__rosidl_typesupport_introspection_cpp
[0.458s] [ 37%] Built target firstservicepkg__rosidl_typesupport_fastrtps_cpp
[0.501s] [ 46%] Built target firstservicepkg__rosidl_typesupport_fastrtps_c
[0.578s] [ 55%] Built target firstservicepkg__rosidl_typesupport_introspection_c
[0.613s] [ 64%] Built target firstservicepkg__rosidl_typesupport_c
[0.647s] [ 68%] Built target turn_camera_service
[0.698s] [35m[1mConsolidate compiler generated dependencies of target action_server[0m
[0.745s] [ 68%] Built target firstservicepkg
[0.794s] [ 73%] Built target turn_camera_client
[0.850s] [ 75%] [32mBuilding CXX object CMakeFiles/action_server.dir/src/action_server.cpp.o[0m
[0.875s] [ 77%] Built target firstservicepkg__py
[1.067s] [ 84%] Built target firstservicepkg__rosidl_generator_py
[1.216s] [ 88%] Built target firstservicepkg__rosidl_typesupport_introspection_c__pyext
[1.236s] [ 93%] Built target firstservicepkg__rosidl_typesupport_fastrtps_c__pyext
[1.375s] [ 97%] Built target firstservicepkg__rosidl_typesupport_c__pyext
[1.994s] running egg_info
[1.997s] writing firstservicepkg.egg-info/PKG-INFO
[2.000s] writing dependency_links to firstservicepkg.egg-info/dependency_links.txt
[2.001s] writing top-level names to firstservicepkg.egg-info/top_level.txt
[2.010s] reading manifest file 'firstservicepkg.egg-info/SOURCES.txt'
[2.014s] writing manifest file 'firstservicepkg.egg-info/SOURCES.txt'
[2.131s] [ 97%] Built target ament_cmake_python_build_firstservicepkg_egg
[13.323s] [01m[K/home/robot/ros_workspaces/project2/firstservicepkg/src/action_server.cpp:[m[K In member function â€˜[01m[Krclcpp_action::CancelResponse NavigateActionServerNode::handle_cancel(std::shared_ptr<rclcpp_action::ServerGoalHandle<firstservicepkg::action::Navigate> >)[m[Kâ€™:
[13.323s] [01m[K/home/robot/ros_workspaces/project2/firstservicepkg/src/action_server.cpp:34:25:[m[K [01;35m[Kwarning: [m[Kunnecessary parentheses in declaration of â€˜[01m[Kgoal_handle[m[Kâ€™ [[01;35m[K]8;;https://gcc.gnu.org/onlinedocs/gcc/Warning-Options.html#index-Wparentheses-Wparentheses]8;;[m[K]
[13.324s]    34 |                     void[01;35m[K(goal_handle)[m[K;
[13.324s]       |                         [01;35m[K^~~~~~~~~~~~~[m[K
[13.325s] [01m[K/home/robot/ros_workspaces/project2/firstservicepkg/src/action_server.cpp:34:25:[m[K [01;36m[Knote: [m[Kremove parentheses
[13.325s]    34 |                     void[01;36m[K(goal_handle)[m[K;
[13.326s]       |                         [01;36m[K^~~~~~~~~~~~~[m[K
[13.327s]       |                         [31m[K-[m[K           [31m[K-[m[K
[13.327s] [01m[K/home/robot/ros_workspaces/project2/firstservicepkg/src/action_server.cpp:34:26:[m[K [01;31m[Kerror: [m[Kvariable or field â€˜[01m[Kgoal_handle[m[Kâ€™ declared void
[13.328s]    34 |                     void([01;31m[Kgoal_handle[m[K);
[13.328s]       |                          [01;31m[K^~~~~~~~~~~[m[K
[13.329s] [01m[K/home/robot/ros_workspaces/project2/firstservicepkg/src/action_server.cpp:33:51:[m[K [01;35m[Kwarning: [m[Kunused parameter â€˜[01m[Kgoal_handle[m[Kâ€™ [[01;35m[K]8;;https://gcc.gnu.org/onlinedocs/gcc/Warning-Options.html#index-Wunused-parameter-Wunused-parameter]8;;[m[K]
[13.329s]    33 |                 [01;35m[Kconst std::shared_ptr<GoalHandle> goal_handle[m[K){
[13.330s]       |                 [01;35m[K~~~~~~~~~~~~~~~~~~~~~~~~~~~~~~~~~~^~~~~~~~~~~[m[K
[13.385s] [01m[K/home/robot/ros_workspaces/project2/firstservicepkg/src/action_server.cpp:[m[K In member function â€˜[01m[Kvoid NavigateActionServerNode::execute(std::shared_ptr<rclcpp_action::ServerGoalHandle<firstservicepkg::action::Navigate> >)[m[Kâ€™:
[13.386s] [01m[K/home/robot/ros_workspaces/project2/firstservicepkg/src/action_server.cpp:56:63:[m[K [01;31m[Kerror: [m[Kâ€˜[01m[Kstart_time[m[Kâ€™ was not declared in this scope; did you mean â€˜[01m[Kstrptime[m[Kâ€™?
[13.386s]    56 |                 result->time_taken = (rclcpp::Clock().now() - [01;31m[Kstart_time[m[K).seconds();
[13.387s]       |                                                               [01;31m[K^~~~~~~~~~[m[K
[13.387s]       |                                                               [32m[Kstrptime[m[K
[24.609s] gmake[2]: *** [CMakeFiles/action_server.dir/build.make:76: CMakeFiles/action_server.dir/src/action_server.cpp.o] Error 1
[24.609s] gmake[1]: *** [CMakeFiles/Makefile2:651: CMakeFiles/action_server.dir/all] Error 2
[24.610s] gmake: *** [Makefile:146: all] Error 2
[24.618s] Invoked command in '/home/robot/ros_workspaces/project2/firstservicepkg/build/firstservicepkg' returned '2': CMAKE_PREFIX_PATH=/opt/ros/humble /usr/bin/cmake --build /home/robot/ros_workspaces/project2/firstservicepkg/build/firstservicepkg -- -j4 -l4
