[35m[1mConsolidate compiler generated dependencies of target subscriber[0m
[35m[1mConsolidate compiler generated dependencies of target publishspeed[0m
[ 33%] Built target publishrmp
[ 50%] [32mBuilding CXX object CMakeFiles/publishspeed.dir/src/publishspeed.cpp.o[0m
[ 83%] Built target subscriber
[01m[K/home/robot/ros_workspaces/first_project/src/rpm_speed_calc/src/publishspeed.cpp:[m[K In member function â€˜[01m[Kvoid SPEEDNODE::publish_rpm(const Float64&)[m[Kâ€™:
[01m[K/home/robot/ros_workspaces/first_project/src/rpm_speed_calc/src/publishspeed.cpp:27:28:[m[K [01;31m[Kerror: [m[Kno match for â€˜[01m[Koperator*[m[Kâ€™ (operand types are â€˜[01m[Kconst Float64[m[Kâ€™ {aka â€˜[01m[Kconst std_msgs::msg::Float64_<std::allocator<void> >[m[Kâ€™} and â€˜[01m[Kint[m[Kâ€™)
   27 |                 speed = [32m[Kmsg[m[K[01;31m[K*[m[K[34m[K10[m[K;
      |                         [32m[K~~~[m[K[01;31m[K^[m[K[34m[K~~[m[K
      |                         [32m[K|[m[K   [34m[K|[m[K
      |                         [32m[K|[m[K   [34m[Kint[m[K
      |                         [32m[Kconst Float64 {aka const std_msgs::msg::Float64_<std::allocator<void> >}[m[K
gmake[2]: *** [CMakeFiles/publishspeed.dir/build.make:76: CMakeFiles/publishspeed.dir/src/publishspeed.cpp.o] Error 1
gmake[1]: *** [CMakeFiles/Makefile2:193: CMakeFiles/publishspeed.dir/all] Error 2
gmake: *** [Makefile:146: all] Error 2
