[01m[K/home/robot/ros_workspaces/first_project/src/rpm_speed_calc/src/subscriber.cpp:24:45:[m[K [01;31m[Kerror: [m[Kâ€˜[01m[KString[m[Kâ€™ is not a member of â€˜[01m[Kstd_msgs::msg[m[Kâ€™
   24 |         rclcpp::Subscription<std_msgs::msg::[01;31m[KString[m[K> ::SharedPtr Subscription;
      |                                             [01;31m[K^~~~~~[m[K
[01m[K/home/robot/ros_workspaces/first_project/src/rpm_speed_calc/src/subscriber.cpp:24:51:[m[K [01;31m[Kerror: [m[Ktemplate argument 1 is invalid
   24 |         rclcpp::Subscription<std_msgs::msg::String[01;31m[K>[m[K ::SharedPtr Subscription;
      |                                                   [01;31m[K^[m[K
[01m[K/home/robot/ros_workspaces/first_project/src/rpm_speed_calc/src/subscriber.cpp:24:51:[m[K [01;31m[Kerror: [m[Ktemplate argument 3 is invalid
[01m[K/home/robot/ros_workspaces/first_project/src/rpm_speed_calc/src/subscriber.cpp:24:51:[m[K [01;31m[Kerror: [m[Ktemplate argument 4 is invalid
[01m[K/home/robot/ros_workspaces/first_project/src/rpm_speed_calc/src/subscriber.cpp:24:51:[m[K [01;31m[Kerror: [m[Ktemplate argument 5 is invalid
[01m[K/home/robot/ros_workspaces/first_project/src/rpm_speed_calc/src/subscriber.cpp:24:55:[m[K [01;31m[Kerror: [m[Kexpected â€˜[01m[K;[m[Kâ€™ at end of member declaration
   24 |         rclcpp::Subscription<std_msgs::msg::String> ::[01;31m[KSharedPtr[m[K Subscription;
      |                                                       [01;31m[K^~~~~~~~~[m[K
      |                                                                [32m[K;[m[K
[01m[K/home/robot/ros_workspaces/first_project/src/rpm_speed_calc/src/subscriber.cpp:24:65:[m[K [01;31m[Kerror: [m[Kâ€˜[01m[KSubscription[m[Kâ€™ does not name a type
   24 |         rclcpp::Subscription<std_msgs::msg::String> ::SharedPtr [01;31m[KSubscription[m[K;
      |                                                                 [01;31m[K^~~~~~~~~~~~[m[K
[01m[K/home/robot/ros_workspaces/first_project/src/rpm_speed_calc/src/subscriber.cpp:[m[K In constructor â€˜[01m[KHelloWorldSubNode::HelloWorldSubNode()[m[Kâ€™:
[01m[K/home/robot/ros_workspaces/first_project/src/rpm_speed_calc/src/subscriber.cpp:9:9:[m[K [01;31m[Kerror: [m[Kâ€˜[01m[KSubscription[m[Kâ€™ was not declared in this scope
    9 |         [01;31m[KSubscription[m[K = this->create_subscription<std_msgs::msg::Float64>(
      |         [01;31m[K^~~~~~~~~~~~[m[K
[01m[K/home/robot/ros_workspaces/first_project/src/rpm_speed_calc/src/subscriber.cpp:9:9:[m[K [01;36m[Knote: [m[Ksuggested alternatives:
In file included from [01m[K/opt/ros/humble/include/rclcpp/rclcpp/any_executable.hpp:25[m[K,
                 from [01m[K/opt/ros/humble/include/rclcpp/rclcpp/memory_strategy.hpp:25[m[K,
                 from [01m[K/opt/ros/humble/include/rclcpp/rclcpp/memory_strategies.hpp:18[m[K,
                 from [01m[K/opt/ros/humble/include/rclcpp/rclcpp/executor_options.hpp:20[m[K,
                 from [01m[K/opt/ros/humble/include/rclcpp/rclcpp/executor.hpp:37[m[K,
                 from [01m[K/opt/ros/humble/include/rclcpp/rclcpp/executors/multi_threaded_executor.hpp:25[m[K,
                 from [01m[K/opt/ros/humble/include/rclcpp/rclcpp/executors.hpp:21[m[K,
                 from [01m[K/opt/ros/humble/include/rclcpp/rclcpp/rclcpp.hpp:155[m[K,
                 from [01m[K/home/robot/ros_workspaces/first_project/src/rpm_speed_calc/src/subscriber.cpp:1[m[K:
[01m[K/opt/ros/humble/include/rclcpp/rclcpp/subscription.hpp:75:7:[m[K [01;36m[Knote: [m[K  â€˜[01m[Krclcpp::Subscription[m[Kâ€™
   75 | class [01;36m[KSubscription[m[K : public SubscriptionBase
      |       [01;36m[K^~~~~~~~~~~~[m[K
In file included from [01m[K/opt/ros/humble/include/rclcpp/rclcpp/client.hpp:42[m[K,
                 from [01m[K/opt/ros/humble/include/rclcpp/rclcpp/callback_group.hpp:24[m[K,
                 from [01m[K/opt/ros/humble/include/rclcpp/rclcpp/any_executable.hpp:20[m[K,
                 from [01m[K/opt/ros/humble/include/rclcpp/rclcpp/memory_strategy.hpp:25[m[K,
                 from [01m[K/opt/ros/humble/include/rclcpp/rclcpp/memory_strategies.hpp:18[m[K,
                 from [01m[K/opt/ros/humble/include/rclcpp/rclcpp/executor_options.hpp:20[m[K,
                 from [01m[K/opt/ros/humble/include/rclcpp/rclcpp/executor.hpp:37[m[K,
                 from [01m[K/opt/ros/humble/include/rclcpp/rclcpp/executors/multi_threaded_executor.hpp:25[m[K,
                 from [01m[K/opt/ros/humble/include/rclcpp/rclcpp/executors.hpp:21[m[K,
                 from [01m[K/opt/ros/humble/include/rclcpp/rclcpp/rclcpp.hpp:155[m[K,
                 from [01m[K/home/robot/ros_workspaces/first_project/src/rpm_speed_calc/src/subscriber.cpp:1[m[K:
[01m[K/opt/ros/humble/include/rclcpp/rclcpp/node_interfaces/node_graph_interface.hpp:42:3:[m[K [01;36m[Knote: [m[K  â€˜[01m[Krclcpp::EndpointType::Subscription[m[Kâ€™
   42 |   [01;36m[KSubscription[m[K = RMW_ENDPOINT_SUBSCRIPTION
      |   [01;36m[K^~~~~~~~~~~~[m[K
[01m[K/home/robot/ros_workspaces/first_project/src/rpm_speed_calc/src/publishspeed.cpp:[m[K In constructor â€˜[01m[KSPEEDNODE::SPEEDNODE()[m[Kâ€™:
[01m[K/home/robot/ros_workspaces/first_project/src/rpm_speed_calc/src/publishspeed.cpp:15:46:[m[K [01;31m[Kerror: [m[Kâ€˜[01m[Kget_rpm[m[Kâ€™ is not a member of â€˜[01m[KSPEEDNODE[m[Kâ€™
   15 |             "RPM", 10, std::bind(&SPEEDNODE::[01;31m[Kget_rpm[m[K,this,std::placeholders::_1)
      |                                              [01;31m[K^~~~~~~[m[K
[01m[K/home/robot/ros_workspaces/first_project/src/rpm_speed_calc/src/publishspeed.cpp:[m[K In member function â€˜[01m[Kvoid SPEEDNODE::publish_rpm(const Float64&)[m[Kâ€™:
[01m[K/home/robot/ros_workspaces/first_project/src/rpm_speed_calc/src/publishspeed.cpp:27:28:[m[K [01;31m[Kerror: [m[Kno match for â€˜[01m[Koperator*[m[Kâ€™ (operand types are â€˜[01m[Kconst Float64[m[Kâ€™ {aka â€˜[01m[Kconst std_msgs::msg::Float64_<std::allocator<void> >[m[Kâ€™} and â€˜[01m[Kint[m[Kâ€™)
   27 |                 speed = [32m[Kmsg[m[K[01;31m[K*[m[K[34m[K10[m[K;
      |                         [32m[K~~~[m[K[01;31m[K^[m[K[34m[K~~[m[K
      |                         [32m[K|[m[K   [34m[K|[m[K
      |                         [32m[K|[m[K   [34m[Kint[m[K
      |                         [32m[Kconst Float64 {aka const std_msgs::msg::Float64_<std::allocator<void> >}[m[K
gmake[2]: *** [CMakeFiles/publishspeed.dir/build.make:76: CMakeFiles/publishspeed.dir/src/publishspeed.cpp.o] Error 1
gmake[1]: *** [CMakeFiles/Makefile2:193: CMakeFiles/publishspeed.dir/all] Error 2
gmake[1]: *** Waiting for unfinished jobs....
gmake[2]: *** [CMakeFiles/subscriber.dir/build.make:76: CMakeFiles/subscriber.dir/src/subscriber.cpp.o] Error 1
gmake[1]: *** [CMakeFiles/Makefile2:167: CMakeFiles/subscriber.dir/all] Error 2
gmake: *** [Makefile:146: all] Error 2
