[01m[K/home/robot/ros_workspaces/first_project/src/rpm_speed_calc/src/publishspeed.cpp:[m[K In constructor â€˜[01m[KSPEEDNODE::SPEEDNODE()[m[Kâ€™:
[01m[K/home/robot/ros_workspaces/first_project/src/rpm_speed_calc/src/publishspeed.cpp:15:46:[m[K [01;31m[Kerror: [m[Kâ€˜[01m[Kget_rpm[m[Kâ€™ is not a member of â€˜[01m[KSPEEDNODE[m[Kâ€™
   15 |             "RPM", 10, std::bind(&SPEEDNODE::[01;31m[Kget_rpm[m[K,this,std::placeholders::_1)
      |                                              [01;31m[K^~~~~~~[m[K
[01m[K/home/robot/ros_workspaces/first_project/src/rpm_speed_calc/src/publishspeed.cpp:[m[K In member function â€˜[01m[Kvoid SPEEDNODE::publish_rpm(const Float64&)[m[Kâ€™:
[01m[K/home/robot/ros_workspaces/first_project/src/rpm_speed_calc/src/publishspeed.cpp:27:28:[m[K [01;31m[Kerror: [m[Kno match for â€˜[01m[Koperator*[m[Kâ€™ (operand types are â€˜[01m[Kconst Float64[m[Kâ€™ {aka â€˜[01m[Kconst std_msgs::msg::Float64_<std::allocator<void> >[m[Kâ€™} and â€˜[01m[Kint[m[Kâ€™)
   27 |                 speed = [32m[Kmsg[m[K[01;31m[K*[m[K[34m[K10[m[K;
      |                         [32m[K~~~[m[K[01;31m[K^[m[K[34m[K~~[m[K
      |                         [32m[K|[m[K   [34m[K|[m[K
      |                         [32m[K|[m[K   [34m[Kint[m[K
      |                         [32m[Kconst Float64 {aka const std_msgs::msg::Float64_<std::allocator<void> >}[m[K
gmake[2]: *** [CMakeFiles/publishspeed.dir/build.make:76: CMakeFiles/publishspeed.dir/src/publishspeed.cpp.o] Error 1
gmake[1]: *** [CMakeFiles/Makefile2:193: CMakeFiles/publishspeed.dir/all] Error 2
gmake[1]: *** Waiting for unfinished jobs....
gmake: *** [Makefile:146: all] Error 2
