-- Found ament_cmake: 1.3.9 (/opt/ros/humble/share/ament_cmake/cmake)
-- Found rclcpp: 16.0.9 (/opt/ros/humble/share/rclcpp/cmake)
-- Found rosidl_generator_c: 3.1.5 (/opt/ros/humble/share/rosidl_generator_c/cmake)
-- Found rosidl_adapter: 3.1.5 (/opt/ros/humble/share/rosidl_adapter/cmake)
-- Found rosidl_generator_cpp: 3.1.5 (/opt/ros/humble/share/rosidl_generator_cpp/cmake)
-- Using all available rosidl_typesupport_c: rosidl_typesupport_fastrtps_c;rosidl_typesupport_introspection_c
-- Using all available rosidl_typesupport_cpp: rosidl_typesupport_fastrtps_cpp;rosidl_typesupport_introspection_cpp
-- Found rmw_implementation_cmake: 6.1.2 (/opt/ros/humble/share/rmw_implementation_cmake/cmake)
-- Found rmw_fastrtps_cpp: 6.2.6 (/opt/ros/humble/share/rmw_fastrtps_cpp/cmake)
-- Using RMW implementation 'rmw_fastrtps_cpp' as default
-- Found rosidl_default_generators: 1.2.0 (/opt/ros/humble/share/rosidl_default_generators/cmake)
-- Found sensor_msgs: 4.2.4 (/opt/ros/humble/share/sensor_msgs/cmake)
-- Found action_msgs: 1.2.1 (/opt/ros/humble/share/action_msgs/cmake)
-- Found cv_bridge: 3.2.1 (/opt/ros/humble/share/cv_bridge/cmake)
-- Found rclcpp_action: 16.0.9 (/opt/ros/humble/share/rclcpp_action/cmake)
-- Found ament_cmake_cppcheck: 0.12.11 (/opt/ros/humble/share/ament_cmake_cppcheck/cmake)
-- Found ament_cmake_cpplint: 0.12.11 (/opt/ros/humble/share/ament_cmake_cpplint/cmake)
-- Found ament_cmake_uncrustify: 0.12.11 (/opt/ros/humble/share/ament_cmake_uncrustify/cmake)
-- Found ament_cmake_ros: 0.10.0 (/opt/ros/humble/share/ament_cmake_ros/cmake)
-- Using all available rosidl_typesupport_c: rosidl_typesupport_fastrtps_c;rosidl_typesupport_introspection_c
-- Using all available rosidl_typesupport_cpp: rosidl_typesupport_fastrtps_cpp;rosidl_typesupport_introspection_cpp
-- Found python_cmake_module: 0.10.0 (/opt/ros/humble/share/python_cmake_module/cmake)
-- Using PYTHON_EXECUTABLE: /usr/bin/python3
-- Using PYTHON_INCLUDE_DIRS: /usr/include/python3.10
-- Using PYTHON_LIBRARIES: /usr/lib/x86_64-linux-gnu/libpython3.10.so
-- Found ament_cmake_flake8: 0.12.11 (/opt/ros/humble/share/ament_cmake_flake8/cmake)
-- Found ament_cmake_pep257: 0.12.11 (/opt/ros/humble/share/ament_cmake_pep257/cmake)
-- Found ament_lint_auto: 0.12.11 (/opt/ros/humble/share/ament_lint_auto/cmake)
-- Added test 'cppcheck' to perform static code analysis on C / C++ code
-- Configured cppcheck include dirs: $<BUILD_INTERFACE:/home/robot/ros_workspaces/project2/firstservicepkg/build/firstservicepkg/rosidl_generator_c>;$<BUILD_INTERFACE:/home/robot/ros_workspaces/project2/firstservicepkg/build/firstservicepkg/rosidl_typesupport_fastrtps_c>;$<BUILD_INTERFACE:/home/robot/ros_workspaces/project2/firstservicepkg/build/firstservicepkg/rosidl_generator_cpp>;$<BUILD_INTERFACE:/home/robot/ros_workspaces/project2/firstservicepkg/build/firstservicepkg/rosidl_typesupport_fastrtps_cpp>;$<BUILD_INTERFACE:/home/robot/ros_workspaces/project2/firstservicepkg/build/firstservicepkg/rosidl_typesupport_introspection_c>;$<BUILD_INTERFACE:/home/robot/ros_workspaces/project2/firstservicepkg/build/firstservicepkg/rosidl_typesupport_introspection_cpp>;/home/robot/ros_workspaces/project2/firstservicepkg/build/firstservicepkg/rosidl_generator_c;/home/robot/ros_workspaces/project2/firstservicepkg/build/firstservicepkg/rosidl_generator_py
-- Configured cppcheck exclude dirs and/or files: 
-- Added test 'cpplint' to check C / C++ code against the Google style
-- Configured cpplint exclude dirs and/or files: 
-- Added test 'uncrustify' to check C / C++ code style
-- Configured uncrustify additional arguments: 
-- Added test 'flake8' to check Python code syntax and style conventions
-- Added test 'pep257' to check Python code against some of the docstring style conventions in PEP 257
-- Added test 'lint_cmake' to check CMake code style
-- Added test 'xmllint' to check XML markup files
-- Configuring done
-- Generating done
-- Build files have been written to: /home/robot/ros_workspaces/project2/firstservicepkg/build/firstservicepkg
[35m[1mConsolidate compiler generated dependencies of target firstservicepkg__rosidl_generator_c[0m
[  2%] Built target firstservicepkg__cpp
[  2%] Built target ament_cmake_python_copy_firstservicepkg
[ 11%] Built target firstservicepkg__rosidl_generator_c
[35m[1mConsolidate compiler generated dependencies of target firstservicepkg__rosidl_typesupport_fastrtps_cpp[0m
[35m[1mConsolidate compiler generated dependencies of target firstservicepkg__rosidl_typesupport_cpp[0m
[35m[1mConsolidate compiler generated dependencies of target firstservicepkg__rosidl_typesupport_introspection_cpp[0m
[ 20%] Built target firstservicepkg__rosidl_typesupport_introspection_cpp
[ 28%] Built target firstservicepkg__rosidl_typesupport_cpp
[ 37%] Built target firstservicepkg__rosidl_typesupport_fastrtps_cpp
[35m[1mConsolidate compiler generated dependencies of target firstservicepkg__rosidl_typesupport_fastrtps_c[0m
[35m[1mConsolidate compiler generated dependencies of target firstservicepkg__rosidl_typesupport_c[0m
[35m[1mConsolidate compiler generated dependencies of target firstservicepkg__rosidl_typesupport_introspection_c[0m
[ 46%] Built target firstservicepkg__rosidl_typesupport_fastrtps_c
[ 55%] Built target firstservicepkg__rosidl_typesupport_c
[ 64%] Built target firstservicepkg__rosidl_typesupport_introspection_c
[35m[1mConsolidate compiler generated dependencies of target turn_camera_client[0m
[35m[1mConsolidate compiler generated dependencies of target turn_camera_service[0m
[ 68%] Built target turn_camera_client
[ 71%] [32mBuilding CXX object CMakeFiles/action_server.dir/src/action_server.cpp.o[0m
[ 75%] Built target turn_camera_service
[ 75%] Built target firstservicepkg
[ 77%] Built target firstservicepkg__py
[35m[1mConsolidate compiler generated dependencies of target firstservicepkg__rosidl_generator_py[0m
[ 84%] Built target firstservicepkg__rosidl_generator_py
[35m[1mConsolidate compiler generated dependencies of target firstservicepkg__rosidl_typesupport_introspection_c__pyext[0m
[35m[1mConsolidate compiler generated dependencies of target firstservicepkg__rosidl_typesupport_fastrtps_c__pyext[0m
[ 88%] Built target firstservicepkg__rosidl_typesupport_introspection_c__pyext
[ 93%] Built target firstservicepkg__rosidl_typesupport_fastrtps_c__pyext
[35m[1mConsolidate compiler generated dependencies of target firstservicepkg__rosidl_typesupport_c__pyext[0m
[ 97%] Built target firstservicepkg__rosidl_typesupport_c__pyext
running egg_info
writing firstservicepkg.egg-info/PKG-INFO
writing dependency_links to firstservicepkg.egg-info/dependency_links.txt
writing top-level names to firstservicepkg.egg-info/top_level.txt
reading manifest file 'firstservicepkg.egg-info/SOURCES.txt'
writing manifest file 'firstservicepkg.egg-info/SOURCES.txt'
[ 97%] Built target ament_cmake_python_build_firstservicepkg_egg
[01m[K/home/robot/ros_workspaces/project2/firstservicepkg/src/action_server.cpp:[m[K In constructor â€˜[01m[KNavigateActionServerNode::NavigateActionServerNode()[m[Kâ€™:
[01m[K/home/robot/ros_workspaces/project2/firstservicepkg/src/action_server.cpp:17:17:[m[K [01;31m[Kerror: [m[Kâ€˜[01m[Krobot_positon_subscription_[m[Kâ€™ was not declared in this scope; did you mean â€˜[01m[Krobot_position_subscription_[m[Kâ€™?
   17 |                 [01;31m[Krobot_positon_subscription_[m[K=this->create_subscription<Point>("robot_position",10,std::bind(&NavigateActionServerNode::update_robot_postion,this,std::placeholders::_1));
      |                 [01;31m[K^~~~~~~~~~~~~~~~~~~~~~~~~~~[m[K
      |                 [32m[Krobot_position_subscription_[m[K
[01m[K/home/robot/ros_workspaces/project2/firstservicepkg/src/action_server.cpp:[m[K In member function â€˜[01m[Krclcpp_action::CancelResponse NavigateActionServerNode::handle_cancel(std::shared_ptr<rclcpp_action::ServerGoalHandle<firstservicepkg::action::Navigate> >)[m[Kâ€™:
[01m[K/home/robot/ros_workspaces/project2/firstservicepkg/src/action_server.cpp:34:25:[m[K [01;35m[Kwarning: [m[Kunnecessary parentheses in declaration of â€˜[01m[Kgoal_handle[m[Kâ€™ [[01;35m[K]8;;https://gcc.gnu.org/onlinedocs/gcc/Warning-Options.html#index-Wparentheses-Wparentheses]8;;[m[K]
   34 |                     void[01;35m[K(goal_handle)[m[K;
      |                         [01;35m[K^~~~~~~~~~~~~[m[K
[01m[K/home/robot/ros_workspaces/project2/firstservicepkg/src/action_server.cpp:34:25:[m[K [01;36m[Knote: [m[Kremove parentheses
   34 |                     void[01;36m[K(goal_handle)[m[K;
      |                         [01;36m[K^~~~~~~~~~~~~[m[K
      |                         [31m[K-[m[K           [31m[K-[m[K
[01m[K/home/robot/ros_workspaces/project2/firstservicepkg/src/action_server.cpp:34:26:[m[K [01;31m[Kerror: [m[Kvariable or field â€˜[01m[Kgoal_handle[m[Kâ€™ declared void
   34 |                     void([01;31m[Kgoal_handle[m[K);
      |                          [01;31m[K^~~~~~~~~~~[m[K
[01m[K/home/robot/ros_workspaces/project2/firstservicepkg/src/action_server.cpp:33:51:[m[K [01;35m[Kwarning: [m[Kunused parameter â€˜[01m[Kgoal_handle[m[Kâ€™ [[01;35m[K]8;;https://gcc.gnu.org/onlinedocs/gcc/Warning-Options.html#index-Wunused-parameter-Wunused-parameter]8;;[m[K]
   33 |                 [01;35m[Kconst std::shared_ptr<GoalHandle> goal_handle[m[K){
      |                 [01;35m[K~~~~~~~~~~~~~~~~~~~~~~~~~~~~~~~~~~^~~~~~~~~~~[m[K
[01m[K/home/robot/ros_workspaces/project2/firstservicepkg/src/action_server.cpp:[m[K In member function â€˜[01m[Kvoid NavigateActionServerNode::execute(std::shared_ptr<rclcpp_action::ServerGoalHandle<firstservicepkg::action::Navigate> >)[m[Kâ€™:
[01m[K/home/robot/ros_workspaces/project2/firstservicepkg/src/action_server.cpp:50:26:[m[K [01;31m[Kerror: [m[Kâ€˜[01m[Kclass NavigateActionServerNode[m[Kâ€™ has no member named â€˜[01m[Krobot_position_[m[Kâ€™; did you mean â€˜[01m[Krobot_position[m[Kâ€™?
   50 |           std::pow(this->[01;31m[Krobot_position_[m[K.x - goal->goal_point.x, 2) +
      |                          [01;31m[K^~~~~~~~~~~~~~~[m[K
      |                          [32m[Krobot_position[m[K
[01m[K/home/robot/ros_workspaces/project2/firstservicepkg/src/action_server.cpp:51:26:[m[K [01;31m[Kerror: [m[Kâ€˜[01m[Kclass NavigateActionServerNode[m[Kâ€™ has no member named â€˜[01m[Krobot_position_[m[Kâ€™; did you mean â€˜[01m[Krobot_position[m[Kâ€™?
   51 |           std::pow(this->[01;31m[Krobot_position_[m[K.y - goal->goal_point.y, 2) +
      |                          [01;31m[K^~~~~~~~~~~~~~~[m[K
      |                          [32m[Krobot_position[m[K
[01m[K/home/robot/ros_workspaces/project2/firstservicepkg/src/action_server.cpp:52:26:[m[K [01;31m[Kerror: [m[Kâ€˜[01m[Kclass NavigateActionServerNode[m[Kâ€™ has no member named â€˜[01m[Krobot_position_[m[Kâ€™; did you mean â€˜[01m[Krobot_position[m[Kâ€™?
   52 |           std::pow(this->[01;31m[Krobot_position_[m[K.z - goal->goal_point.z, 2));
      |                          [01;31m[K^~~~~~~~~~~~~~~[m[K
      |                          [32m[Krobot_position[m[K
[01m[K/home/robot/ros_workspaces/project2/firstservicepkg/src/action_server.cpp:56:63:[m[K [01;31m[Kerror: [m[Kâ€˜[01m[Kstart_time[m[Kâ€™ was not declared in this scope; did you mean â€˜[01m[Kstrptime[m[Kâ€™?
   56 |                 result->time_taken = (rclcpp::Clock().now() - [01;31m[Kstart_time[m[K).seconds();
      |                                                               [01;31m[K^~~~~~~~~~[m[K
      |                                                               [32m[Kstrptime[m[K
[01m[K/home/robot/ros_workspaces/project2/firstservicepkg/src/action_server.cpp:[m[K In function â€˜[01m[Kint main(int, char**)[m[Kâ€™:
[01m[K/home/robot/ros_workspaces/project2/firstservicepkg/src/action_server.cpp:72:13:[m[K [01;31m[Kerror: [m[Kâ€˜[01m[Kshitdown[m[Kâ€™ is not a member of â€˜[01m[Krclcpp[m[Kâ€™; did you mean â€˜[01m[Kshutdown[m[Kâ€™?
   72 |     rclcpp::[01;31m[Kshitdown[m[K();
      |             [01;31m[K^~~~~~~~[m[K
      |             [32m[Kshutdown[m[K
gmake[2]: *** [CMakeFiles/action_server.dir/build.make:76: CMakeFiles/action_server.dir/src/action_server.cpp.o] Error 1
gmake[1]: *** [CMakeFiles/Makefile2:651: CMakeFiles/action_server.dir/all] Error 2
gmake: *** [Makefile:146: all] Error 2
