[0.043s] Invoking command in '/home/robot/ros_workspaces/project2/firstservicepkg/build/firstservicepkg': CMAKE_PREFIX_PATH=/opt/ros/humble /usr/bin/cmake --build /home/robot/ros_workspaces/project2/firstservicepkg/build/firstservicepkg -- -j4 -l4
[0.154s] -- Found ament_cmake: 1.3.9 (/opt/ros/humble/share/ament_cmake/cmake)
[0.704s] -- Found rclcpp: 16.0.9 (/opt/ros/humble/share/rclcpp/cmake)
[0.828s] -- Found rosidl_generator_c: 3.1.5 (/opt/ros/humble/share/rosidl_generator_c/cmake)
[0.842s] -- Found rosidl_adapter: 3.1.5 (/opt/ros/humble/share/rosidl_adapter/cmake)
[0.872s] -- Found rosidl_generator_cpp: 3.1.5 (/opt/ros/humble/share/rosidl_generator_cpp/cmake)
[0.933s] -- Using all available rosidl_typesupport_c: rosidl_typesupport_fastrtps_c;rosidl_typesupport_introspection_c
[1.017s] -- Using all available rosidl_typesupport_cpp: rosidl_typesupport_fastrtps_cpp;rosidl_typesupport_introspection_cpp
[1.321s] -- Found rmw_implementation_cmake: 6.1.2 (/opt/ros/humble/share/rmw_implementation_cmake/cmake)
[1.328s] -- Found rmw_fastrtps_cpp: 6.2.6 (/opt/ros/humble/share/rmw_fastrtps_cpp/cmake)
[1.805s] -- Using RMW implementation 'rmw_fastrtps_cpp' as default
[2.646s] -- Found rosidl_default_generators: 1.2.0 (/opt/ros/humble/share/rosidl_default_generators/cmake)
[2.681s] -- Found sensor_msgs: 4.2.4 (/opt/ros/humble/share/sensor_msgs/cmake)
[3.378s] -- Found action_msgs: 1.2.1 (/opt/ros/humble/share/action_msgs/cmake)
[3.710s] -- Found cv_bridge: 3.2.1 (/opt/ros/humble/share/cv_bridge/cmake)
[3.755s] -- Found rclcpp_action: 16.0.9 (/opt/ros/humble/share/rclcpp_action/cmake)
[5.407s] -- Found ament_cmake_cppcheck: 0.12.11 (/opt/ros/humble/share/ament_cmake_cppcheck/cmake)
[5.414s] -- Found ament_cmake_cpplint: 0.12.11 (/opt/ros/humble/share/ament_cmake_cpplint/cmake)
[5.419s] -- Found ament_cmake_uncrustify: 0.12.11 (/opt/ros/humble/share/ament_cmake_uncrustify/cmake)
[5.425s] -- Found ament_cmake_ros: 0.10.0 (/opt/ros/humble/share/ament_cmake_ros/cmake)
[7.939s] -- Using all available rosidl_typesupport_c: rosidl_typesupport_fastrtps_c;rosidl_typesupport_introspection_c
[8.962s] -- Using all available rosidl_typesupport_cpp: rosidl_typesupport_fastrtps_cpp;rosidl_typesupport_introspection_cpp
[9.066s] -- Found python_cmake_module: 0.10.0 (/opt/ros/humble/share/python_cmake_module/cmake)
[9.178s] -- Using PYTHON_EXECUTABLE: /usr/bin/python3
[9.179s] -- Using PYTHON_INCLUDE_DIRS: /usr/include/python3.10
[9.180s] -- Using PYTHON_LIBRARIES: /usr/lib/x86_64-linux-gnu/libpython3.10.so
[9.540s] -- Found ament_cmake_flake8: 0.12.11 (/opt/ros/humble/share/ament_cmake_flake8/cmake)
[9.543s] -- Found ament_cmake_pep257: 0.12.11 (/opt/ros/humble/share/ament_cmake_pep257/cmake)
[9.592s] -- Found ament_lint_auto: 0.12.11 (/opt/ros/humble/share/ament_lint_auto/cmake)
[9.830s] -- Added test 'cppcheck' to perform static code analysis on C / C++ code
[9.836s] -- Configured cppcheck include dirs: $<BUILD_INTERFACE:/home/robot/ros_workspaces/project2/firstservicepkg/build/firstservicepkg/rosidl_generator_c>;$<BUILD_INTERFACE:/home/robot/ros_workspaces/project2/firstservicepkg/build/firstservicepkg/rosidl_typesupport_fastrtps_c>;$<BUILD_INTERFACE:/home/robot/ros_workspaces/project2/firstservicepkg/build/firstservicepkg/rosidl_generator_cpp>;$<BUILD_INTERFACE:/home/robot/ros_workspaces/project2/firstservicepkg/build/firstservicepkg/rosidl_typesupport_fastrtps_cpp>;$<BUILD_INTERFACE:/home/robot/ros_workspaces/project2/firstservicepkg/build/firstservicepkg/rosidl_typesupport_introspection_c>;$<BUILD_INTERFACE:/home/robot/ros_workspaces/project2/firstservicepkg/build/firstservicepkg/rosidl_typesupport_introspection_cpp>;/home/robot/ros_workspaces/project2/firstservicepkg/build/firstservicepkg/rosidl_generator_c;/home/robot/ros_workspaces/project2/firstservicepkg/build/firstservicepkg/rosidl_generator_py
[9.837s] -- Configured cppcheck exclude dirs and/or files: 
[10.048s] -- Added test 'cpplint' to check C / C++ code against the Google style
[10.049s] -- Configured cpplint exclude dirs and/or files: 
[10.259s] -- Added test 'uncrustify' to check C / C++ code style
[10.259s] -- Configured uncrustify additional arguments: 
[10.287s] -- Added test 'flake8' to check Python code syntax and style conventions
[10.314s] -- Added test 'pep257' to check Python code against some of the docstring style conventions in PEP 257
[10.368s] -- Added test 'lint_cmake' to check CMake code style
[10.398s] -- Added test 'xmllint' to check XML markup files
[10.405s] -- Configuring done
[10.708s] -- Generating done
[10.728s] -- Build files have been written to: /home/robot/ros_workspaces/project2/firstservicepkg/build/firstservicepkg
[10.869s] [35m[1mConsolidate compiler generated dependencies of target firstservicepkg__rosidl_generator_c[0m
[10.919s] [  2%] Built target firstservicepkg__cpp
[10.941s] [  2%] Built target ament_cmake_python_copy_firstservicepkg
[10.972s] [ 11%] Built target firstservicepkg__rosidl_generator_c
[10.993s] [35m[1mConsolidate compiler generated dependencies of target firstservicepkg__rosidl_typesupport_fastrtps_cpp[0m
[11.046s] [35m[1mConsolidate compiler generated dependencies of target firstservicepkg__rosidl_typesupport_cpp[0m
[11.056s] [35m[1mConsolidate compiler generated dependencies of target firstservicepkg__rosidl_typesupport_introspection_cpp[0m
[11.157s] [ 20%] Built target firstservicepkg__rosidl_typesupport_introspection_cpp
[11.183s] [ 28%] Built target firstservicepkg__rosidl_typesupport_cpp
[11.189s] [ 37%] Built target firstservicepkg__rosidl_typesupport_fastrtps_cpp
[11.211s] [35m[1mConsolidate compiler generated dependencies of target firstservicepkg__rosidl_typesupport_fastrtps_c[0m
[11.313s] [35m[1mConsolidate compiler generated dependencies of target firstservicepkg__rosidl_typesupport_c[0m
[11.314s] [35m[1mConsolidate compiler generated dependencies of target firstservicepkg__rosidl_typesupport_introspection_c[0m
[11.353s] [ 46%] Built target firstservicepkg__rosidl_typesupport_fastrtps_c
[11.400s] [ 55%] Built target firstservicepkg__rosidl_typesupport_c
[11.436s] [ 64%] Built target firstservicepkg__rosidl_typesupport_introspection_c
[11.487s] [35m[1mConsolidate compiler generated dependencies of target turn_camera_client[0m
[11.489s] [35m[1mConsolidate compiler generated dependencies of target turn_camera_service[0m
[11.612s] [ 68%] Built target turn_camera_client
[11.695s] [ 71%] [32mBuilding CXX object CMakeFiles/action_server.dir/src/action_server.cpp.o[0m
[11.737s] [ 75%] Built target turn_camera_service
[11.764s] [ 75%] Built target firstservicepkg
[11.956s] [ 77%] Built target firstservicepkg__py
[12.051s] [35m[1mConsolidate compiler generated dependencies of target firstservicepkg__rosidl_generator_py[0m
[12.202s] [ 84%] Built target firstservicepkg__rosidl_generator_py
[12.292s] [35m[1mConsolidate compiler generated dependencies of target firstservicepkg__rosidl_typesupport_introspection_c__pyext[0m
[12.333s] [35m[1mConsolidate compiler generated dependencies of target firstservicepkg__rosidl_typesupport_fastrtps_c__pyext[0m
[12.404s] [ 88%] Built target firstservicepkg__rosidl_typesupport_introspection_c__pyext
[12.449s] [ 93%] Built target firstservicepkg__rosidl_typesupport_fastrtps_c__pyext
[12.482s] [35m[1mConsolidate compiler generated dependencies of target firstservicepkg__rosidl_typesupport_c__pyext[0m
[12.557s] [ 97%] Built target firstservicepkg__rosidl_typesupport_c__pyext
[12.714s] running egg_info
[12.718s] writing firstservicepkg.egg-info/PKG-INFO
[12.719s] writing dependency_links to firstservicepkg.egg-info/dependency_links.txt
[12.720s] writing top-level names to firstservicepkg.egg-info/top_level.txt
[12.731s] reading manifest file 'firstservicepkg.egg-info/SOURCES.txt'
[12.734s] writing manifest file 'firstservicepkg.egg-info/SOURCES.txt'
[12.866s] [ 97%] Built target ament_cmake_python_build_firstservicepkg_egg
[24.311s] [01m[K/home/robot/ros_workspaces/project2/firstservicepkg/src/action_server.cpp:[m[K In constructor â€˜[01m[KNavigateActionServerNode::NavigateActionServerNode()[m[Kâ€™:
[24.311s] [01m[K/home/robot/ros_workspaces/project2/firstservicepkg/src/action_server.cpp:17:17:[m[K [01;31m[Kerror: [m[Kâ€˜[01m[Krobot_positon_subscription_[m[Kâ€™ was not declared in this scope; did you mean â€˜[01m[Krobot_position_subscription_[m[Kâ€™?
[24.312s]    17 |                 [01;31m[Krobot_positon_subscription_[m[K=this->create_subscription<Point>("robot_position",10,std::bind(&NavigateActionServerNode::update_robot_postion,this,std::placeholders::_1));
[24.312s]       |                 [01;31m[K^~~~~~~~~~~~~~~~~~~~~~~~~~~[m[K
[24.313s]       |                 [32m[Krobot_position_subscription_[m[K
[24.486s] [01m[K/home/robot/ros_workspaces/project2/firstservicepkg/src/action_server.cpp:[m[K In member function â€˜[01m[Krclcpp_action::CancelResponse NavigateActionServerNode::handle_cancel(std::shared_ptr<rclcpp_action::ServerGoalHandle<firstservicepkg::action::Navigate> >)[m[Kâ€™:
[24.487s] [01m[K/home/robot/ros_workspaces/project2/firstservicepkg/src/action_server.cpp:34:25:[m[K [01;35m[Kwarning: [m[Kunnecessary parentheses in declaration of â€˜[01m[Kgoal_handle[m[Kâ€™ [[01;35m[K]8;;https://gcc.gnu.org/onlinedocs/gcc/Warning-Options.html#index-Wparentheses-Wparentheses]8;;[m[K]
[24.488s]    34 |                     void[01;35m[K(goal_handle)[m[K;
[24.488s]       |                         [01;35m[K^~~~~~~~~~~~~[m[K
[24.489s] [01m[K/home/robot/ros_workspaces/project2/firstservicepkg/src/action_server.cpp:34:25:[m[K [01;36m[Knote: [m[Kremove parentheses
[24.490s]    34 |                     void[01;36m[K(goal_handle)[m[K;
[24.490s]       |                         [01;36m[K^~~~~~~~~~~~~[m[K
[24.490s]       |                         [31m[K-[m[K           [31m[K-[m[K
[24.491s] [01m[K/home/robot/ros_workspaces/project2/firstservicepkg/src/action_server.cpp:34:26:[m[K [01;31m[Kerror: [m[Kvariable or field â€˜[01m[Kgoal_handle[m[Kâ€™ declared void
[24.492s]    34 |                     void([01;31m[Kgoal_handle[m[K);
[24.492s]       |                          [01;31m[K^~~~~~~~~~~[m[K
[24.493s] [01m[K/home/robot/ros_workspaces/project2/firstservicepkg/src/action_server.cpp:33:51:[m[K [01;35m[Kwarning: [m[Kunused parameter â€˜[01m[Kgoal_handle[m[Kâ€™ [[01;35m[K]8;;https://gcc.gnu.org/onlinedocs/gcc/Warning-Options.html#index-Wunused-parameter-Wunused-parameter]8;;[m[K]
[24.493s]    33 |                 [01;35m[Kconst std::shared_ptr<GoalHandle> goal_handle[m[K){
[24.494s]       |                 [01;35m[K~~~~~~~~~~~~~~~~~~~~~~~~~~~~~~~~~~^~~~~~~~~~~[m[K
[24.520s] [01m[K/home/robot/ros_workspaces/project2/firstservicepkg/src/action_server.cpp:[m[K In member function â€˜[01m[Kvoid NavigateActionServerNode::execute(std::shared_ptr<rclcpp_action::ServerGoalHandle<firstservicepkg::action::Navigate> >)[m[Kâ€™:
[24.521s] [01m[K/home/robot/ros_workspaces/project2/firstservicepkg/src/action_server.cpp:50:26:[m[K [01;31m[Kerror: [m[Kâ€˜[01m[Kclass NavigateActionServerNode[m[Kâ€™ has no member named â€˜[01m[Krobot_position_[m[Kâ€™; did you mean â€˜[01m[Krobot_position[m[Kâ€™?
[24.521s]    50 |           std::pow(this->[01;31m[Krobot_position_[m[K.x - goal->goal_point.x, 2) +
[24.522s]       |                          [01;31m[K^~~~~~~~~~~~~~~[m[K
[24.522s]       |                          [32m[Krobot_position[m[K
[24.523s] [01m[K/home/robot/ros_workspaces/project2/firstservicepkg/src/action_server.cpp:51:26:[m[K [01;31m[Kerror: [m[Kâ€˜[01m[Kclass NavigateActionServerNode[m[Kâ€™ has no member named â€˜[01m[Krobot_position_[m[Kâ€™; did you mean â€˜[01m[Krobot_position[m[Kâ€™?
[24.526s]    51 |           std::pow(this->[01;31m[Krobot_position_[m[K.y - goal->goal_point.y, 2) +
[24.527s]       |                          [01;31m[K^~~~~~~~~~~~~~~[m[K
[24.527s]       |                          [32m[Krobot_position[m[K
[24.528s] [01m[K/home/robot/ros_workspaces/project2/firstservicepkg/src/action_server.cpp:52:26:[m[K [01;31m[Kerror: [m[Kâ€˜[01m[Kclass NavigateActionServerNode[m[Kâ€™ has no member named â€˜[01m[Krobot_position_[m[Kâ€™; did you mean â€˜[01m[Krobot_position[m[Kâ€™?
[24.529s]    52 |           std::pow(this->[01;31m[Krobot_position_[m[K.z - goal->goal_point.z, 2));
[24.529s]       |                          [01;31m[K^~~~~~~~~~~~~~~[m[K
[24.529s]       |                          [32m[Krobot_position[m[K
[24.551s] [01m[K/home/robot/ros_workspaces/project2/firstservicepkg/src/action_server.cpp:56:63:[m[K [01;31m[Kerror: [m[Kâ€˜[01m[Kstart_time[m[Kâ€™ was not declared in this scope; did you mean â€˜[01m[Kstrptime[m[Kâ€™?
[24.551s]    56 |                 result->time_taken = (rclcpp::Clock().now() - [01;31m[Kstart_time[m[K).seconds();
[24.552s]       |                                                               [01;31m[K^~~~~~~~~~[m[K
[24.552s]       |                                                               [32m[Kstrptime[m[K
[24.573s] [01m[K/home/robot/ros_workspaces/project2/firstservicepkg/src/action_server.cpp:[m[K In function â€˜[01m[Kint main(int, char**)[m[Kâ€™:
[24.574s] [01m[K/home/robot/ros_workspaces/project2/firstservicepkg/src/action_server.cpp:72:13:[m[K [01;31m[Kerror: [m[Kâ€˜[01m[Kshitdown[m[Kâ€™ is not a member of â€˜[01m[Krclcpp[m[Kâ€™; did you mean â€˜[01m[Kshutdown[m[Kâ€™?
[24.574s]    72 |     rclcpp::[01;31m[Kshitdown[m[K();
[24.575s]       |             [01;31m[K^~~~~~~~[m[K
[24.576s]       |             [32m[Kshutdown[m[K
[34.794s] gmake[2]: *** [CMakeFiles/action_server.dir/build.make:76: CMakeFiles/action_server.dir/src/action_server.cpp.o] Error 1
[34.795s] gmake[1]: *** [CMakeFiles/Makefile2:651: CMakeFiles/action_server.dir/all] Error 2
[34.795s] gmake: *** [Makefile:146: all] Error 2
[34.799s] Invoked command in '/home/robot/ros_workspaces/project2/firstservicepkg/build/firstservicepkg' returned '2': CMAKE_PREFIX_PATH=/opt/ros/humble /usr/bin/cmake --build /home/robot/ros_workspaces/project2/firstservicepkg/build/firstservicepkg -- -j4 -l4
